C:\Program Files (x86)\Microsoft Visual Studio\2019\Community\MSBuild\Microsoft\VC\v160\Microsoft.CppBuild.targets(1044,5): warning MSB8027: Two or more files with the name of .NETFramework,Version=v4.0.AssemblyAttributes.cpp will produce outputs to the same location. This can lead to an incorrect build result.  The files involved are debug\.NETFramework,Version=v4.0.AssemblyAttributes.cpp, Release\.NETFramework,Version=v4.0.AssemblyAttributes.cpp.
  AABB.CPP
  AABBLinkedList.cpp
  AABBNode.cpp
  camera.cpp
C:\Users\charl\OneDrive - Murdoch University\ICT290\Project\ict290\shayLearyALL\CAMPUS TOUR\camera.cpp(159,21): warning C4244: 'argument': conversion from 'GLdouble' to 'const int', possible loss of data
C:\Users\charl\OneDrive - Murdoch University\ICT290\Project\ict290\shayLearyALL\CAMPUS TOUR\camera.cpp(159,14): warning C4244: 'argument': conversion from 'GLdouble' to 'const int', possible loss of data
C:\Users\charl\OneDrive - Murdoch University\ICT290\Project\ict290\shayLearyALL\CAMPUS TOUR\camera.cpp(170,20): warning C4244: 'argument': conversion from 'GLdouble' to 'const int', possible loss of data
C:\Users\charl\OneDrive - Murdoch University\ICT290\Project\ict290\shayLearyALL\CAMPUS TOUR\camera.cpp(170,13): warning C4244: 'argument': conversion from 'GLdouble' to 'const int', possible loss of data
C:\Users\charl\OneDrive - Murdoch University\ICT290\Project\ict290\shayLearyALL\CAMPUS TOUR\camera.cpp(201,21): warning C4244: 'argument': conversion from 'GLdouble' to 'const int', possible loss of data
C:\Users\charl\OneDrive - Murdoch University\ICT290\Project\ict290\shayLearyALL\CAMPUS TOUR\camera.cpp(201,14): warning C4244: 'argument': conversion from 'GLdouble' to 'const int', possible loss of data
C:\Users\charl\OneDrive - Murdoch University\ICT290\Project\ict290\shayLearyALL\CAMPUS TOUR\camera.cpp(211,20): warning C4244: 'argument': conversion from 'GLdouble' to 'const int', possible loss of data
C:\Users\charl\OneDrive - Murdoch University\ICT290\Project\ict290\shayLearyALL\CAMPUS TOUR\camera.cpp(211,13): warning C4244: 'argument': conversion from 'GLdouble' to 'const int', possible loss of data
  cameraMap.cpp
C:\Users\charl\OneDrive - Murdoch University\ICT290\Project\ict290\shayLearyALL\CAMPUS TOUR\cameraMap.cpp(29,18): warning C4244: 'argument': conversion from 'const int' to 'GLfloat', possible loss of data
C:\Users\charl\OneDrive - Murdoch University\ICT290\Project\ict290\shayLearyALL\CAMPUS TOUR\cameraMap.cpp(36,49): warning C4244: 'argument': conversion from 'double' to 'GLfloat', possible loss of data
C:\Users\charl\OneDrive - Murdoch University\ICT290\Project\ict290\shayLearyALL\CAMPUS TOUR\cameraMap.cpp(36,28): warning C4244: 'argument': conversion from 'double' to 'GLfloat', possible loss of data
C:\Users\charl\OneDrive - Murdoch University\ICT290\Project\ict290\shayLearyALL\CAMPUS TOUR\cameraMap.cpp(37,49): warning C4244: 'argument': conversion from 'double' to 'GLfloat', possible loss of data
C:\Users\charl\OneDrive - Murdoch University\ICT290\Project\ict290\shayLearyALL\CAMPUS TOUR\cameraMap.cpp(37,28): warning C4244: 'argument': conversion from 'double' to 'GLfloat', possible loss of data
C:\Users\charl\OneDrive - Murdoch University\ICT290\Project\ict290\shayLearyALL\CAMPUS TOUR\cameraMap.cpp(38,49): warning C4244: 'argument': conversion from 'double' to 'GLfloat', possible loss of data
C:\Users\charl\OneDrive - Murdoch University\ICT290\Project\ict290\shayLearyALL\CAMPUS TOUR\cameraMap.cpp(38,28): warning C4244: 'argument': conversion from 'double' to 'GLfloat', possible loss of data
C:\Users\charl\OneDrive - Murdoch University\ICT290\Project\ict290\shayLearyALL\CAMPUS TOUR\cameraMap.cpp(39,49): warning C4244: 'argument': conversion from 'double' to 'GLfloat', possible loss of data
C:\Users\charl\OneDrive - Murdoch University\ICT290\Project\ict290\shayLearyALL\CAMPUS TOUR\cameraMap.cpp(39,28): warning C4244: 'argument': conversion from 'double' to 'GLfloat', possible loss of data
C:\Users\charl\OneDrive - Murdoch University\ICT290\Project\ict290\shayLearyALL\CAMPUS TOUR\cameraMap.cpp(67,53): warning C4244: 'argument': conversion from 'double' to 'GLfloat', possible loss of data
C:\Users\charl\OneDrive - Murdoch University\ICT290\Project\ict290\shayLearyALL\CAMPUS TOUR\cameraMap.cpp(67,29): warning C4244: 'argument': conversion from 'double' to 'GLfloat', possible loss of data
C:\Users\charl\OneDrive - Murdoch University\ICT290\Project\ict290\shayLearyALL\CAMPUS TOUR\cameraMap.cpp(99,53): warning C4244: 'argument': conversion from 'double' to 'GLfloat', possible loss of data
C:\Users\charl\OneDrive - Murdoch University\ICT290\Project\ict290\shayLearyALL\CAMPUS TOUR\cameraMap.cpp(99,29): warning C4244: 'argument': conversion from 'double' to 'GLfloat', possible loss of data
  collision.cpp
  .NETFramework,Version=v4.0.AssemblyAttributes.cpp
  EasySound.cpp
C:\Users\charl\OneDrive - Murdoch University\ICT290\Project\ict290\shayLearyALL\CAMPUS TOUR\EasySound.cpp(80,15): warning C4018: '>': signed/unsigned mismatch
  lodepng.cpp
C:\Users\charl\OneDrive - Murdoch University\ICT290\Project\ict290\shayLearyALL\CAMPUS TOUR\lodepng.cpp(734,39): warning C4267: '=': conversion from 'size_t' to 'unsigned short', possible loss of data
C:\Users\charl\OneDrive - Murdoch University\ICT290\Project\ict290\shayLearyALL\CAMPUS TOUR\lodepng.cpp(758,45): warning C4267: '=': conversion from 'size_t' to 'unsigned short', possible loss of data
C:\Users\charl\OneDrive - Murdoch University\ICT290\Project\ict290\shayLearyALL\CAMPUS TOUR\lodepng.cpp(776,46): warning C4267: '=': conversion from 'size_t' to 'unsigned short', possible loss of data
  main.cpp
C:\Users\charl\OneDrive - Murdoch University\ICT290\Project\ict290\shayLearyALL\CAMPUS TOUR\main.cpp(457,56): warning C4305: 'argument': truncation from 'double' to 'GLclampf'
C:\Users\charl\OneDrive - Murdoch University\ICT290\Project\ict290\shayLearyALL\CAMPUS TOUR\main.cpp(1725,27): warning C4244: 'argument': conversion from 'GLdouble' to 'GLfloat', possible loss of data
C:\Users\charl\OneDrive - Murdoch University\ICT290\Project\ict290\shayLearyALL\CAMPUS TOUR\main.cpp(1751,27): warning C4244: 'argument': conversion from 'GLdouble' to 'GLfloat', possible loss of data
C:\Users\charl\OneDrive - Murdoch University\ICT290\Project\ict290\shayLearyALL\CAMPUS TOUR\main.cpp(1768,26): warning C4244: 'argument': conversion from 'GLdouble' to 'GLfloat', possible loss of data
C:\Users\charl\OneDrive - Murdoch University\ICT290\Project\ict290\shayLearyALL\CAMPUS TOUR\main.cpp(2006,31): warning C4305: 'argument': truncation from 'double' to 'GLfloat'
C:\Users\charl\OneDrive - Murdoch University\ICT290\Project\ict290\shayLearyALL\CAMPUS TOUR\main.cpp(2094,17): warning C4244: 'argument': conversion from 'GLdouble' to 'GLfloat', possible loss of data
C:\Users\charl\OneDrive - Murdoch University\ICT290\Project\ict290\shayLearyALL\CAMPUS TOUR\main.cpp(2106,17): warning C4244: 'argument': conversion from 'GLdouble' to 'GLfloat', possible loss of data
C:\Users\charl\OneDrive - Murdoch University\ICT290\Project\ict290\shayLearyALL\CAMPUS TOUR\main.cpp(2172,48): warning C4305: 'argument': truncation from 'double' to 'GLfloat'
C:\Users\charl\OneDrive - Murdoch University\ICT290\Project\ict290\shayLearyALL\CAMPUS TOUR\main.cpp(2173,27): warning C4305: 'argument': truncation from 'double' to 'GLfloat'
C:\Users\charl\OneDrive - Murdoch University\ICT290\Project\ict290\shayLearyALL\CAMPUS TOUR\main.cpp(2174,45): warning C4305: 'argument': truncation from 'double' to 'GLfloat'
C:\Users\charl\OneDrive - Murdoch University\ICT290\Project\ict290\shayLearyALL\CAMPUS TOUR\main.cpp(2175,27): warning C4305: 'argument': truncation from 'double' to 'GLfloat'
C:\Users\charl\OneDrive - Murdoch University\ICT290\Project\ict290\shayLearyALL\CAMPUS TOUR\main.cpp(2176,46): warning C4305: 'argument': truncation from 'double' to 'GLfloat'
C:\Users\charl\OneDrive - Murdoch University\ICT290\Project\ict290\shayLearyALL\CAMPUS TOUR\main.cpp(2178,47): warning C4305: 'argument': truncation from 'double' to 'GLfloat'
C:\Users\charl\OneDrive - Murdoch University\ICT290\Project\ict290\shayLearyALL\CAMPUS TOUR\main.cpp(2185,48): warning C4305: 'argument': truncation from 'double' to 'GLfloat'
C:\Users\charl\OneDrive - Murdoch University\ICT290\Project\ict290\shayLearyALL\CAMPUS TOUR\main.cpp(2186,27): warning C4305: 'argument': truncation from 'double' to 'GLfloat'
C:\Users\charl\OneDrive - Murdoch University\ICT290\Project\ict290\shayLearyALL\CAMPUS TOUR\main.cpp(2187,45): warning C4305: 'argument': truncation from 'double' to 'GLfloat'
C:\Users\charl\OneDrive - Murdoch University\ICT290\Project\ict290\shayLearyALL\CAMPUS TOUR\main.cpp(2188,28): warning C4305: 'argument': truncation from 'double' to 'GLfloat'
C:\Users\charl\OneDrive - Murdoch University\ICT290\Project\ict290\shayLearyALL\CAMPUS TOUR\main.cpp(2189,51): warning C4305: 'argument': truncation from 'double' to 'GLfloat'
C:\Users\charl\OneDrive - Murdoch University\ICT290\Project\ict290\shayLearyALL\CAMPUS TOUR\main.cpp(2191,52): warning C4305: 'argument': truncation from 'double' to 'GLfloat'
C:\Users\charl\OneDrive - Murdoch University\ICT290\Project\ict290\shayLearyALL\CAMPUS TOUR\main.cpp(2199,48): warning C4305: 'argument': truncation from 'double' to 'GLfloat'
C:\Users\charl\OneDrive - Murdoch University\ICT290\Project\ict290\shayLearyALL\CAMPUS TOUR\main.cpp(2200,27): warning C4305: 'argument': truncation from 'double' to 'GLfloat'
C:\Users\charl\OneDrive - Murdoch University\ICT290\Project\ict290\shayLearyALL\CAMPUS TOUR\main.cpp(2201,45): warning C4305: 'argument': truncation from 'double' to 'GLfloat'
C:\Users\charl\OneDrive - Murdoch University\ICT290\Project\ict290\shayLearyALL\CAMPUS TOUR\main.cpp(2202,28): warning C4305: 'argument': truncation from 'double' to 'GLfloat'
C:\Users\charl\OneDrive - Murdoch University\ICT290\Project\ict290\shayLearyALL\CAMPUS TOUR\main.cpp(2203,51): warning C4305: 'argument': truncation from 'double' to 'GLfloat'
C:\Users\charl\OneDrive - Murdoch University\ICT290\Project\ict290\shayLearyALL\CAMPUS TOUR\main.cpp(2205,52): warning C4305: 'argument': truncation from 'double' to 'GLfloat'
C:\Users\charl\OneDrive - Murdoch University\ICT290\Project\ict290\shayLearyALL\CAMPUS TOUR\main.cpp(2271,27): warning C4244: 'argument': conversion from 'GLdouble' to 'GLfloat', possible loss of data
C:\Users\charl\OneDrive - Murdoch University\ICT290\Project\ict290\shayLearyALL\CAMPUS TOUR\main.cpp(2275,32): warning C4244: 'argument': conversion from 'GLdouble' to 'GLfloat', possible loss of data
C:\Users\charl\OneDrive - Murdoch University\ICT290\Project\ict290\shayLearyALL\CAMPUS TOUR\main.cpp(2355,34): warning C4244: 'argument': conversion from 'GLdouble' to 'GLfloat', possible loss of data
C:\Users\charl\OneDrive - Murdoch University\ICT290\Project\ict290\shayLearyALL\CAMPUS TOUR\main.cpp(2355,17): warning C4244: 'argument': conversion from 'GLdouble' to 'GLfloat', possible loss of data
C:\Users\charl\OneDrive - Murdoch University\ICT290\Project\ict290\shayLearyALL\CAMPUS TOUR\main.cpp(2360,29): warning C4244: 'argument': conversion from 'GLdouble' to 'GLfloat', possible loss of data
C:\Users\charl\OneDrive - Murdoch University\ICT290\Project\ict290\shayLearyALL\CAMPUS TOUR\main.cpp(2364,34): warning C4244: 'argument': conversion from 'GLdouble' to 'GLfloat', possible loss of data
C:\Users\charl\OneDrive - Murdoch University\ICT290\Project\ict290\shayLearyALL\CAMPUS TOUR\main.cpp(2370,33): warning C4244: 'argument': conversion from 'GLdouble' to 'GLfloat', possible loss of data
C:\Users\charl\OneDrive - Murdoch University\ICT290\Project\ict290\shayLearyALL\CAMPUS TOUR\main.cpp(2374,38): warning C4244: 'argument': conversion from 'GLdouble' to 'GLfloat', possible loss of data
C:\Users\charl\OneDrive - Murdoch University\ICT290\Project\ict290\shayLearyALL\CAMPUS TOUR\main.cpp(2381,29): warning C4244: 'argument': conversion from 'GLdouble' to 'GLfloat', possible loss of data
C:\Users\charl\OneDrive - Murdoch University\ICT290\Project\ict290\shayLearyALL\CAMPUS TOUR\main.cpp(2385,31): warning C4244: 'argument': conversion from 'GLdouble' to 'GLfloat', possible loss of data
C:\Users\charl\OneDrive - Murdoch University\ICT290\Project\ict290\shayLearyALL\CAMPUS TOUR\main.cpp(2391,33): warning C4244: 'argument': conversion from 'GLdouble' to 'GLfloat', possible loss of data
C:\Users\charl\OneDrive - Murdoch University\ICT290\Project\ict290\shayLearyALL\CAMPUS TOUR\main.cpp(2408,17): warning C4244: 'argument': conversion from 'GLdouble' to 'GLfloat', possible loss of data
C:\Users\charl\OneDrive - Murdoch University\ICT290\Project\ict290\shayLearyALL\CAMPUS TOUR\main.cpp(2412,17): warning C4244: 'argument': conversion from 'GLdouble' to 'GLfloat', possible loss of data
C:\Users\charl\OneDrive - Murdoch University\ICT290\Project\ict290\shayLearyALL\CAMPUS TOUR\main.cpp(2418,17): warning C4244: 'argument': conversion from 'GLdouble' to 'GLfloat', possible loss of data
C:\Users\charl\OneDrive - Murdoch University\ICT290\Project\ict290\shayLearyALL\CAMPUS TOUR\main.cpp(2422,22): warning C4244: 'argument': conversion from 'GLdouble' to 'GLfloat', possible loss of data
C:\Users\charl\OneDrive - Murdoch University\ICT290\Project\ict290\shayLearyALL\CAMPUS TOUR\main.cpp(2461,27): warning C4244: 'argument': conversion from 'GLdouble' to 'GLfloat', possible loss of data
C:\Users\charl\OneDrive - Murdoch University\ICT290\Project\ict290\shayLearyALL\CAMPUS TOUR\main.cpp(2468,32): warning C4244: 'argument': conversion from 'GLdouble' to 'GLfloat', possible loss of data
C:\Users\charl\OneDrive - Murdoch University\ICT290\Project\ict290\shayLearyALL\CAMPUS TOUR\main.cpp(2479,31): warning C4244: 'argument': conversion from 'GLdouble' to 'GLfloat', possible loss of data
C:\Users\charl\OneDrive - Murdoch University\ICT290\Project\ict290\shayLearyALL\CAMPUS TOUR\main.cpp(2486,36): warning C4244: 'argument': conversion from 'GLdouble' to 'GLfloat', possible loss of data
C:\Users\charl\OneDrive - Murdoch University\ICT290\Project\ict290\shayLearyALL\CAMPUS TOUR\main.cpp(2509,30): warning C4244: 'argument': conversion from 'GLdouble' to 'GLfloat', possible loss of data
C:\Users\charl\OneDrive - Murdoch University\ICT290\Project\ict290\shayLearyALL\CAMPUS TOUR\main.cpp(2523,34): warning C4244: 'argument': conversion from 'GLdouble' to 'GLfloat', possible loss of data
C:\Users\charl\OneDrive - Murdoch University\ICT290\Project\ict290\shayLearyALL\CAMPUS TOUR\main.cpp(2523,22): warning C4244: 'argument': conversion from 'GLdouble' to 'GLfloat', possible loss of data
C:\Users\charl\OneDrive - Murdoch University\ICT290\Project\ict290\shayLearyALL\CAMPUS TOUR\main.cpp(2543,27): warning C4244: 'argument': conversion from 'GLdouble' to 'GLfloat', possible loss of data
C:\Users\charl\OneDrive - Murdoch University\ICT290\Project\ict290\shayLearyALL\CAMPUS TOUR\main.cpp(2581,27): warning C4305: 'argument': truncation from 'double' to 'GLfloat'
C:\Users\charl\OneDrive - Murdoch University\ICT290\Project\ict290\shayLearyALL\CAMPUS TOUR\main.cpp(2582,59): warning C4305: 'argument': truncation from 'double' to 'GLfloat'
C:\Users\charl\OneDrive - Murdoch University\ICT290\Project\ict290\shayLearyALL\CAMPUS TOUR\main.cpp(2583,27): warning C4305: 'argument': truncation from 'double' to 'GLfloat'
C:\Users\charl\OneDrive - Murdoch University\ICT290\Project\ict290\shayLearyALL\CAMPUS TOUR\main.cpp(2584,59): warning C4305: 'argument': truncation from 'double' to 'GLfloat'
C:\Users\charl\OneDrive - Murdoch University\ICT290\Project\ict290\shayLearyALL\CAMPUS TOUR\main.cpp(2633,22): warning C4244: 'argument': conversion from 'GLdouble' to 'GLfloat', possible loss of data
C:\Users\charl\OneDrive - Murdoch University\ICT290\Project\ict290\shayLearyALL\CAMPUS TOUR\main.cpp(2641,20): warning C4244: 'argument': conversion from 'GLdouble' to 'GLfloat', possible loss of data
C:\Users\charl\OneDrive - Murdoch University\ICT290\Project\ict290\shayLearyALL\CAMPUS TOUR\main.cpp(2648,25): warning C4244: 'argument': conversion from 'GLdouble' to 'GLfloat', possible loss of data
C:\Users\charl\OneDrive - Murdoch University\ICT290\Project\ict290\shayLearyALL\CAMPUS TOUR\main.cpp(2661,22): warning C4244: 'argument': conversion from 'GLdouble' to 'GLfloat', possible loss of data
C:\Users\charl\OneDrive - Murdoch University\ICT290\Project\ict290\shayLearyALL\CAMPUS TOUR\main.cpp(2669,20): warning C4244: 'argument': conversion from 'GLdouble' to 'GLfloat', possible loss of data
C:\Users\charl\OneDrive - Murdoch University\ICT290\Project\ict290\shayLearyALL\CAMPUS TOUR\main.cpp(2735,28): warning C4305: 'argument': truncation from 'double' to 'GLfloat'
C:\Users\charl\OneDrive - Murdoch University\ICT290\Project\ict290\shayLearyALL\CAMPUS TOUR\main.cpp(2736,60): warning C4305: 'argument': truncation from 'double' to 'GLfloat'
C:\Users\charl\OneDrive - Murdoch University\ICT290\Project\ict290\shayLearyALL\CAMPUS TOUR\main.cpp(2737,28): warning C4305: 'argument': truncation from 'double' to 'GLfloat'
C:\Users\charl\OneDrive - Murdoch University\ICT290\Project\ict290\shayLearyALL\CAMPUS TOUR\main.cpp(2738,60): warning C4305: 'argument': truncation from 'double' to 'GLfloat'
C:\Users\charl\OneDrive - Murdoch University\ICT290\Project\ict290\shayLearyALL\CAMPUS TOUR\main.cpp(2747,28): warning C4305: 'argument': truncation from 'double' to 'GLfloat'
C:\Users\charl\OneDrive - Murdoch University\ICT290\Project\ict290\shayLearyALL\CAMPUS TOUR\main.cpp(2748,60): warning C4305: 'argument': truncation from 'double' to 'GLfloat'
C:\Users\charl\OneDrive - Murdoch University\ICT290\Project\ict290\shayLearyALL\CAMPUS TOUR\main.cpp(2749,28): warning C4305: 'argument': truncation from 'double' to 'GLfloat'
C:\Users\charl\OneDrive - Murdoch University\ICT290\Project\ict290\shayLearyALL\CAMPUS TOUR\main.cpp(2750,60): warning C4305: 'argument': truncation from 'double' to 'GLfloat'
C:\Users\charl\OneDrive - Murdoch University\ICT290\Project\ict290\shayLearyALL\CAMPUS TOUR\main.cpp(3043,27): warning C4244: 'argument': conversion from 'GLdouble' to 'GLfloat', possible loss of data
C:\Users\charl\OneDrive - Murdoch University\ICT290\Project\ict290\shayLearyALL\CAMPUS TOUR\main.cpp(3253,27): warning C4244: 'argument': conversion from 'GLdouble' to 'GLfloat', possible loss of data
C:\Users\charl\OneDrive - Murdoch University\ICT290\Project\ict290\shayLearyALL\CAMPUS TOUR\main.cpp(3268,27): warning C4244: 'argument': conversion from 'GLdouble' to 'GLfloat', possible loss of data
C:\Users\charl\OneDrive - Murdoch University\ICT290\Project\ict290\shayLearyALL\CAMPUS TOUR\main.cpp(3284,27): warning C4244: 'argument': conversion from 'GLdouble' to 'GLfloat', possible loss of data
C:\Users\charl\OneDrive - Murdoch University\ICT290\Project\ict290\shayLearyALL\CAMPUS TOUR\main.cpp(3304,17): warning C4244: 'argument': conversion from 'GLdouble' to 'GLfloat', possible loss of data
C:\Users\charl\OneDrive - Murdoch University\ICT290\Project\ict290\shayLearyALL\CAMPUS TOUR\main.cpp(3327,27): warning C4244: 'argument': conversion from 'GLdouble' to 'GLfloat', possible loss of data
C:\Users\charl\OneDrive - Murdoch University\ICT290\Project\ict290\shayLearyALL\CAMPUS TOUR\main.cpp(3331,32): warning C4244: 'argument': conversion from 'GLdouble' to 'GLfloat', possible loss of data
C:\Users\charl\OneDrive - Murdoch University\ICT290\Project\ict290\shayLearyALL\CAMPUS TOUR\main.cpp(3350,27): warning C4244: 'argument': conversion from 'GLdouble' to 'GLfloat', possible loss of data
C:\Users\charl\OneDrive - Murdoch University\ICT290\Project\ict290\shayLearyALL\CAMPUS TOUR\main.cpp(3354,32): warning C4244: 'argument': conversion from 'GLdouble' to 'GLfloat', possible loss of data
C:\Users\charl\OneDrive - Murdoch University\ICT290\Project\ict290\shayLearyALL\CAMPUS TOUR\main.cpp(3374,27): warning C4244: 'argument': conversion from 'GLdouble' to 'GLfloat', possible loss of data
C:\Users\charl\OneDrive - Murdoch University\ICT290\Project\ict290\shayLearyALL\CAMPUS TOUR\main.cpp(3378,32): warning C4244: 'argument': conversion from 'GLdouble' to 'GLfloat', possible loss of data
C:\Users\charl\OneDrive - Murdoch University\ICT290\Project\ict290\shayLearyALL\CAMPUS TOUR\main.cpp(3398,17): warning C4244: 'argument': conversion from 'GLdouble' to 'GLfloat', possible loss of data
C:\Users\charl\OneDrive - Murdoch University\ICT290\Project\ict290\shayLearyALL\CAMPUS TOUR\main.cpp(3402,22): warning C4244: 'argument': conversion from 'GLdouble' to 'GLfloat', possible loss of data
C:\Users\charl\OneDrive - Murdoch University\ICT290\Project\ict290\shayLearyALL\CAMPUS TOUR\main.cpp(3463,27): warning C4305: 'argument': truncation from 'double' to 'GLfloat'
C:\Users\charl\OneDrive - Murdoch University\ICT290\Project\ict290\shayLearyALL\CAMPUS TOUR\main.cpp(3464,57): warning C4305: 'argument': truncation from 'double' to 'GLfloat'
C:\Users\charl\OneDrive - Murdoch University\ICT290\Project\ict290\shayLearyALL\CAMPUS TOUR\main.cpp(3465,27): warning C4305: 'argument': truncation from 'double' to 'GLfloat'
C:\Users\charl\OneDrive - Murdoch University\ICT290\Project\ict290\shayLearyALL\CAMPUS TOUR\main.cpp(3466,58): warning C4305: 'argument': truncation from 'double' to 'GLfloat'
C:\Users\charl\OneDrive - Murdoch University\ICT290\Project\ict290\shayLearyALL\CAMPUS TOUR\main.cpp(3468,40): warning C4305: 'argument': truncation from 'double' to 'GLfloat'
C:\Users\charl\OneDrive - Murdoch University\ICT290\Project\ict290\shayLearyALL\CAMPUS TOUR\main.cpp(3475,39): warning C4305: 'argument': truncation from 'double' to 'GLfloat'
C:\Users\charl\OneDrive - Murdoch University\ICT290\Project\ict290\shayLearyALL\CAMPUS TOUR\main.cpp(3476,27): warning C4305: 'argument': truncation from 'double' to 'GLfloat'
C:\Users\charl\OneDrive - Murdoch University\ICT290\Project\ict290\shayLearyALL\CAMPUS TOUR\main.cpp(3477,57): warning C4305: 'argument': truncation from 'double' to 'GLfloat'
C:\Users\charl\OneDrive - Murdoch University\ICT290\Project\ict290\shayLearyALL\CAMPUS TOUR\main.cpp(3478,27): warning C4305: 'argument': truncation from 'double' to 'GLfloat'
C:\Users\charl\OneDrive - Murdoch University\ICT290\Project\ict290\shayLearyALL\CAMPUS TOUR\main.cpp(3479,56): warning C4305: 'argument': truncation from 'double' to 'GLfloat'
C:\Users\charl\OneDrive - Murdoch University\ICT290\Project\ict290\shayLearyALL\CAMPUS TOUR\main.cpp(3488,39): warning C4305: 'argument': truncation from 'double' to 'GLfloat'
C:\Users\charl\OneDrive - Murdoch University\ICT290\Project\ict290\shayLearyALL\CAMPUS TOUR\main.cpp(3490,59): warning C4305: 'argument': truncation from 'double' to 'GLfloat'
C:\Users\charl\OneDrive - Murdoch University\ICT290\Project\ict290\shayLearyALL\CAMPUS TOUR\main.cpp(3491,30): warning C4305: 'argument': truncation from 'double' to 'GLfloat'
C:\Users\charl\OneDrive - Murdoch University\ICT290\Project\ict290\shayLearyALL\CAMPUS TOUR\main.cpp(3492,59): warning C4305: 'argument': truncation from 'double' to 'GLfloat'
C:\Users\charl\OneDrive - Murdoch University\ICT290\Project\ict290\shayLearyALL\CAMPUS TOUR\main.cpp(3493,30): warning C4305: 'argument': truncation from 'double' to 'GLfloat'
C:\Users\charl\OneDrive - Murdoch University\ICT290\Project\ict290\shayLearyALL\CAMPUS TOUR\main.cpp(3494,40): warning C4305: 'argument': truncation from 'double' to 'GLfloat'
C:\Users\charl\OneDrive - Murdoch University\ICT290\Project\ict290\shayLearyALL\CAMPUS TOUR\main.cpp(3502,27): warning C4305: 'argument': truncation from 'double' to 'GLfloat'
C:\Users\charl\OneDrive - Murdoch University\ICT290\Project\ict290\shayLearyALL\CAMPUS TOUR\main.cpp(3503,57): warning C4305: 'argument': truncation from 'double' to 'GLfloat'
C:\Users\charl\OneDrive - Murdoch University\ICT290\Project\ict290\shayLearyALL\CAMPUS TOUR\main.cpp(3504,29): warning C4305: 'argument': truncation from 'double' to 'GLfloat'
C:\Users\charl\OneDrive - Murdoch University\ICT290\Project\ict290\shayLearyALL\CAMPUS TOUR\main.cpp(3505,58): warning C4305: 'argument': truncation from 'double' to 'GLfloat'
C:\Users\charl\OneDrive - Murdoch University\ICT290\Project\ict290\shayLearyALL\CAMPUS TOUR\main.cpp(3506,27): warning C4305: 'argument': truncation from 'double' to 'GLfloat'
C:\Users\charl\OneDrive - Murdoch University\ICT290\Project\ict290\shayLearyALL\CAMPUS TOUR\main.cpp(3507,40): warning C4305: 'argument': truncation from 'double' to 'GLfloat'
C:\Users\charl\OneDrive - Murdoch University\ICT290\Project\ict290\shayLearyALL\CAMPUS TOUR\main.cpp(3517,27): warning C4305: 'argument': truncation from 'double' to 'GLfloat'
C:\Users\charl\OneDrive - Murdoch University\ICT290\Project\ict290\shayLearyALL\CAMPUS TOUR\main.cpp(3518,41): warning C4305: 'argument': truncation from 'double' to 'GLfloat'
C:\Users\charl\OneDrive - Murdoch University\ICT290\Project\ict290\shayLearyALL\CAMPUS TOUR\main.cpp(3519,27): warning C4305: 'argument': truncation from 'double' to 'GLfloat'
C:\Users\charl\OneDrive - Murdoch University\ICT290\Project\ict290\shayLearyALL\CAMPUS TOUR\main.cpp(3520,41): warning C4305: 'argument': truncation from 'double' to 'GLfloat'
C:\Users\charl\OneDrive - Murdoch University\ICT290\Project\ict290\shayLearyALL\CAMPUS TOUR\main.cpp(3530,27): warning C4305: 'argument': truncation from 'double' to 'GLfloat'
C:\Users\charl\OneDrive - Murdoch University\ICT290\Project\ict290\shayLearyALL\CAMPUS TOUR\main.cpp(3531,48): warning C4305: 'argument': truncation from 'double' to 'GLfloat'
C:\Users\charl\OneDrive - Murdoch University\ICT290\Project\ict290\shayLearyALL\CAMPUS TOUR\main.cpp(3532,27): warning C4305: 'argument': truncation from 'double' to 'GLfloat'
C:\Users\charl\OneDrive - Murdoch University\ICT290\Project\ict290\shayLearyALL\CAMPUS TOUR\main.cpp(3533,41): warning C4305: 'argument': truncation from 'double' to 'GLfloat'
C:\Users\charl\OneDrive - Murdoch University\ICT290\Project\ict290\shayLearyALL\CAMPUS TOUR\main.cpp(3541,27): warning C4305: 'argument': truncation from 'double' to 'GLfloat'
C:\Users\charl\OneDrive - Murdoch University\ICT290\Project\ict290\shayLearyALL\CAMPUS TOUR\main.cpp(3542,58): warning C4305: 'argument': truncation from 'double' to 'GLfloat'
C:\Users\charl\OneDrive - Murdoch University\ICT290\Project\ict290\shayLearyALL\CAMPUS TOUR\main.cpp(3543,29): warning C4305: 'argument': truncation from 'double' to 'GLfloat'
C:\Users\charl\OneDrive - Murdoch University\ICT290\Project\ict290\shayLearyALL\CAMPUS TOUR\main.cpp(3544,59): warning C4305: 'argument': truncation from 'double' to 'GLfloat'
C:\Users\charl\OneDrive - Murdoch University\ICT290\Project\ict290\shayLearyALL\CAMPUS TOUR\main.cpp(3545,27): warning C4305: 'argument': truncation from 'double' to 'GLfloat'
C:\Users\charl\OneDrive - Murdoch University\ICT290\Project\ict290\shayLearyALL\CAMPUS TOUR\main.cpp(3546,41): warning C4305: 'argument': truncation from 'double' to 'GLfloat'
C:\Users\charl\OneDrive - Murdoch University\ICT290\Project\ict290\shayLearyALL\CAMPUS TOUR\main.cpp(3556,27): warning C4305: 'argument': truncation from 'double' to 'GLfloat'
C:\Users\charl\OneDrive - Murdoch University\ICT290\Project\ict290\shayLearyALL\CAMPUS TOUR\main.cpp(3557,48): warning C4305: 'argument': truncation from 'double' to 'GLfloat'
C:\Users\charl\OneDrive - Murdoch University\ICT290\Project\ict290\shayLearyALL\CAMPUS TOUR\main.cpp(3558,27): warning C4305: 'argument': truncation from 'double' to 'GLfloat'
C:\Users\charl\OneDrive - Murdoch University\ICT290\Project\ict290\shayLearyALL\CAMPUS TOUR\main.cpp(3559,41): warning C4305: 'argument': truncation from 'double' to 'GLfloat'
C:\Users\charl\OneDrive - Murdoch University\ICT290\Project\ict290\shayLearyALL\CAMPUS TOUR\main.cpp(3569,27): warning C4305: 'argument': truncation from 'double' to 'GLfloat'
C:\Users\charl\OneDrive - Murdoch University\ICT290\Project\ict290\shayLearyALL\CAMPUS TOUR\main.cpp(3570,48): warning C4305: 'argument': truncation from 'double' to 'GLfloat'
C:\Users\charl\OneDrive - Murdoch University\ICT290\Project\ict290\shayLearyALL\CAMPUS TOUR\main.cpp(3571,27): warning C4305: 'argument': truncation from 'double' to 'GLfloat'
C:\Users\charl\OneDrive - Murdoch University\ICT290\Project\ict290\shayLearyALL\CAMPUS TOUR\main.cpp(3572,41): warning C4305: 'argument': truncation from 'double' to 'GLfloat'
C:\Users\charl\OneDrive - Murdoch University\ICT290\Project\ict290\shayLearyALL\CAMPUS TOUR\main.cpp(3579,41): warning C4305: 'argument': truncation from 'double' to 'GLfloat'
C:\Users\charl\OneDrive - Murdoch University\ICT290\Project\ict290\shayLearyALL\CAMPUS TOUR\main.cpp(3580,26): warning C4305: 'argument': truncation from 'double' to 'GLfloat'
C:\Users\charl\OneDrive - Murdoch University\ICT290\Project\ict290\shayLearyALL\CAMPUS TOUR\main.cpp(3581,58): warning C4305: 'argument': truncation from 'double' to 'GLfloat'
C:\Users\charl\OneDrive - Murdoch University\ICT290\Project\ict290\shayLearyALL\CAMPUS TOUR\main.cpp(3582,28): warning C4305: 'argument': truncation from 'double' to 'GLfloat'
C:\Users\charl\OneDrive - Murdoch University\ICT290\Project\ict290\shayLearyALL\CAMPUS TOUR\main.cpp(3583,58): warning C4305: 'argument': truncation from 'double' to 'GLfloat'
C:\Users\charl\OneDrive - Murdoch University\ICT290\Project\ict290\shayLearyALL\CAMPUS TOUR\main.cpp(3584,27): warning C4305: 'argument': truncation from 'double' to 'GLfloat'
C:\Users\charl\OneDrive - Murdoch University\ICT290\Project\ict290\shayLearyALL\CAMPUS TOUR\main.cpp(3585,41): warning C4305: 'argument': truncation from 'double' to 'GLfloat'
C:\Users\charl\OneDrive - Murdoch University\ICT290\Project\ict290\shayLearyALL\CAMPUS TOUR\main.cpp(3592,41): warning C4305: 'argument': truncation from 'double' to 'GLfloat'
C:\Users\charl\OneDrive - Murdoch University\ICT290\Project\ict290\shayLearyALL\CAMPUS TOUR\main.cpp(3594,48): warning C4305: 'argument': truncation from 'double' to 'GLfloat'
C:\Users\charl\OneDrive - Murdoch University\ICT290\Project\ict290\shayLearyALL\CAMPUS TOUR\main.cpp(3595,27): warning C4305: 'argument': truncation from 'double' to 'GLfloat'
C:\Users\charl\OneDrive - Murdoch University\ICT290\Project\ict290\shayLearyALL\CAMPUS TOUR\main.cpp(3596,48): warning C4305: 'argument': truncation from 'double' to 'GLfloat'
C:\Users\charl\OneDrive - Murdoch University\ICT290\Project\ict290\shayLearyALL\CAMPUS TOUR\main.cpp(3597,27): warning C4305: 'argument': truncation from 'double' to 'GLfloat'
C:\Users\charl\OneDrive - Murdoch University\ICT290\Project\ict290\shayLearyALL\CAMPUS TOUR\main.cpp(3598,41): warning C4305: 'argument': truncation from 'double' to 'GLfloat'
C:\Users\charl\OneDrive - Murdoch University\ICT290\Project\ict290\shayLearyALL\CAMPUS TOUR\main.cpp(3605,41): warning C4305: 'argument': truncation from 'double' to 'GLfloat'
C:\Users\charl\OneDrive - Murdoch University\ICT290\Project\ict290\shayLearyALL\CAMPUS TOUR\main.cpp(3607,48): warning C4305: 'argument': truncation from 'double' to 'GLfloat'
C:\Users\charl\OneDrive - Murdoch University\ICT290\Project\ict290\shayLearyALL\CAMPUS TOUR\main.cpp(3608,27): warning C4305: 'argument': truncation from 'double' to 'GLfloat'
C:\Users\charl\OneDrive - Murdoch University\ICT290\Project\ict290\shayLearyALL\CAMPUS TOUR\main.cpp(3609,48): warning C4305: 'argument': truncation from 'double' to 'GLfloat'
C:\Users\charl\OneDrive - Murdoch University\ICT290\Project\ict290\shayLearyALL\CAMPUS TOUR\main.cpp(3610,27): warning C4305: 'argument': truncation from 'double' to 'GLfloat'
C:\Users\charl\OneDrive - Murdoch University\ICT290\Project\ict290\shayLearyALL\CAMPUS TOUR\main.cpp(3611,41): warning C4305: 'argument': truncation from 'double' to 'GLfloat'
C:\Users\charl\OneDrive - Murdoch University\ICT290\Project\ict290\shayLearyALL\CAMPUS TOUR\main.cpp(3619,28): warning C4305: 'argument': truncation from 'double' to 'GLfloat'
C:\Users\charl\OneDrive - Murdoch University\ICT290\Project\ict290\shayLearyALL\CAMPUS TOUR\main.cpp(3620,67): warning C4305: 'argument': truncation from 'double' to 'GLfloat'
C:\Users\charl\OneDrive - Murdoch University\ICT290\Project\ict290\shayLearyALL\CAMPUS TOUR\main.cpp(3621,29): warning C4305: 'argument': truncation from 'double' to 'GLfloat'
C:\Users\charl\OneDrive - Murdoch University\ICT290\Project\ict290\shayLearyALL\CAMPUS TOUR\main.cpp(3622,67): warning C4305: 'argument': truncation from 'double' to 'GLfloat'
C:\Users\charl\OneDrive - Murdoch University\ICT290\Project\ict290\shayLearyALL\CAMPUS TOUR\main.cpp(3623,29): warning C4305: 'argument': truncation from 'double' to 'GLfloat'
C:\Users\charl\OneDrive - Murdoch University\ICT290\Project\ict290\shayLearyALL\CAMPUS TOUR\main.cpp(3634,27): warning C4305: 'argument': truncation from 'double' to 'GLfloat'
C:\Users\charl\OneDrive - Murdoch University\ICT290\Project\ict290\shayLearyALL\CAMPUS TOUR\main.cpp(3636,27): warning C4305: 'argument': truncation from 'double' to 'GLfloat'
C:\Users\charl\OneDrive - Murdoch University\ICT290\Project\ict290\shayLearyALL\CAMPUS TOUR\main.cpp(3647,27): warning C4305: 'argument': truncation from 'double' to 'GLfloat'
C:\Users\charl\OneDrive - Murdoch University\ICT290\Project\ict290\shayLearyALL\CAMPUS TOUR\main.cpp(3649,27): warning C4305: 'argument': truncation from 'double' to 'GLfloat'
C:\Users\charl\OneDrive - Murdoch University\ICT290\Project\ict290\shayLearyALL\CAMPUS TOUR\main.cpp(3693,23): warning C4244: 'argument': conversion from 'GLdouble' to 'GLfloat', possible loss of data
C:\Users\charl\OneDrive - Murdoch University\ICT290\Project\ict290\shayLearyALL\CAMPUS TOUR\main.cpp(3693,18): warning C4244: 'argument': conversion from 'GLdouble' to 'GLfloat', possible loss of data
C:\Users\charl\OneDrive - Murdoch University\ICT290\Project\ict290\shayLearyALL\CAMPUS TOUR\main.cpp(3693,15): warning C4244: 'argument': conversion from 'GLdouble' to 'GLfloat', possible loss of data
C:\Users\charl\OneDrive - Murdoch University\ICT290\Project\ict290\shayLearyALL\CAMPUS TOUR\main.cpp(3695,21): warning C4244: 'argument': conversion from 'GLdouble' to 'GLfloat', possible loss of data
C:\Users\charl\OneDrive - Murdoch University\ICT290\Project\ict290\shayLearyALL\CAMPUS TOUR\main.cpp(3695,18): warning C4244: 'argument': conversion from 'GLdouble' to 'GLfloat', possible loss of data
C:\Users\charl\OneDrive - Murdoch University\ICT290\Project\ict290\shayLearyALL\CAMPUS TOUR\main.cpp(3695,15): warning C4244: 'argument': conversion from 'GLdouble' to 'GLfloat', possible loss of data
C:\Users\charl\OneDrive - Murdoch University\ICT290\Project\ict290\shayLearyALL\CAMPUS TOUR\main.cpp(3696,17): warning C4244: 'argument': conversion from 'GLdouble' to 'GLfloat', possible loss of data
C:\Users\charl\OneDrive - Murdoch University\ICT290\Project\ict290\shayLearyALL\CAMPUS TOUR\main.cpp(3697,34): warning C4244: 'argument': conversion from 'GLdouble' to 'GLfloat', possible loss of data
C:\Users\charl\OneDrive - Murdoch University\ICT290\Project\ict290\shayLearyALL\CAMPUS TOUR\main.cpp(3697,35): warning C4305: 'argument': truncation from 'double' to 'GLfloat'
C:\Users\charl\OneDrive - Murdoch University\ICT290\Project\ict290\shayLearyALL\CAMPUS TOUR\main.cpp(3698,17): warning C4244: 'argument': conversion from 'GLdouble' to 'GLfloat', possible loss of data
C:\Users\charl\OneDrive - Murdoch University\ICT290\Project\ict290\shayLearyALL\CAMPUS TOUR\main.cpp(3699,36): warning C4244: 'argument': conversion from 'GLdouble' to 'GLfloat', possible loss of data
C:\Users\charl\OneDrive - Murdoch University\ICT290\Project\ict290\shayLearyALL\CAMPUS TOUR\main.cpp(3699,42): warning C4305: 'argument': truncation from 'double' to 'GLfloat'
C:\Users\charl\OneDrive - Murdoch University\ICT290\Project\ict290\shayLearyALL\CAMPUS TOUR\main.cpp(3705,21): warning C4244: 'argument': conversion from 'GLdouble' to 'GLfloat', possible loss of data
C:\Users\charl\OneDrive - Murdoch University\ICT290\Project\ict290\shayLearyALL\CAMPUS TOUR\main.cpp(3705,18): warning C4244: 'argument': conversion from 'GLdouble' to 'GLfloat', possible loss of data
C:\Users\charl\OneDrive - Murdoch University\ICT290\Project\ict290\shayLearyALL\CAMPUS TOUR\main.cpp(3705,15): warning C4244: 'argument': conversion from 'GLdouble' to 'GLfloat', possible loss of data
C:\Users\charl\OneDrive - Murdoch University\ICT290\Project\ict290\shayLearyALL\CAMPUS TOUR\main.cpp(3707,28): warning C4244: 'argument': conversion from 'GLdouble' to 'GLfloat', possible loss of data
C:\Users\charl\OneDrive - Murdoch University\ICT290\Project\ict290\shayLearyALL\CAMPUS TOUR\main.cpp(3707,20): warning C4244: 'argument': conversion from 'GLdouble' to 'GLfloat', possible loss of data
C:\Users\charl\OneDrive - Murdoch University\ICT290\Project\ict290\shayLearyALL\CAMPUS TOUR\main.cpp(3707,15): warning C4244: 'argument': conversion from 'GLdouble' to 'GLfloat', possible loss of data
C:\Users\charl\OneDrive - Murdoch University\ICT290\Project\ict290\shayLearyALL\CAMPUS TOUR\main.cpp(3708,17): warning C4244: 'argument': conversion from 'GLdouble' to 'GLfloat', possible loss of data
C:\Users\charl\OneDrive - Murdoch University\ICT290\Project\ict290\shayLearyALL\CAMPUS TOUR\main.cpp(3709,41): warning C4244: 'argument': conversion from 'GLdouble' to 'GLfloat', possible loss of data
C:\Users\charl\OneDrive - Murdoch University\ICT290\Project\ict290\shayLearyALL\CAMPUS TOUR\main.cpp(3709,42): warning C4305: 'argument': truncation from 'double' to 'GLfloat'
C:\Users\charl\OneDrive - Murdoch University\ICT290\Project\ict290\shayLearyALL\CAMPUS TOUR\main.cpp(3710,17): warning C4244: 'argument': conversion from 'GLdouble' to 'GLfloat', possible loss of data
C:\Users\charl\OneDrive - Murdoch University\ICT290\Project\ict290\shayLearyALL\CAMPUS TOUR\main.cpp(3711,34): warning C4244: 'argument': conversion from 'GLdouble' to 'GLfloat', possible loss of data
C:\Users\charl\OneDrive - Murdoch University\ICT290\Project\ict290\shayLearyALL\CAMPUS TOUR\main.cpp(3711,35): warning C4305: 'argument': truncation from 'double' to 'GLfloat'
C:\Users\charl\OneDrive - Murdoch University\ICT290\Project\ict290\shayLearyALL\CAMPUS TOUR\main.cpp(3721,21): warning C4244: 'argument': conversion from 'GLdouble' to 'GLfloat', possible loss of data
C:\Users\charl\OneDrive - Murdoch University\ICT290\Project\ict290\shayLearyALL\CAMPUS TOUR\main.cpp(3721,18): warning C4244: 'argument': conversion from 'GLdouble' to 'GLfloat', possible loss of data
C:\Users\charl\OneDrive - Murdoch University\ICT290\Project\ict290\shayLearyALL\CAMPUS TOUR\main.cpp(3721,15): warning C4244: 'argument': conversion from 'GLdouble' to 'GLfloat', possible loss of data
C:\Users\charl\OneDrive - Murdoch University\ICT290\Project\ict290\shayLearyALL\CAMPUS TOUR\main.cpp(3723,28): warning C4244: 'argument': conversion from 'GLdouble' to 'GLfloat', possible loss of data
C:\Users\charl\OneDrive - Murdoch University\ICT290\Project\ict290\shayLearyALL\CAMPUS TOUR\main.cpp(3723,25): warning C4244: 'argument': conversion from 'GLdouble' to 'GLfloat', possible loss of data
C:\Users\charl\OneDrive - Murdoch University\ICT290\Project\ict290\shayLearyALL\CAMPUS TOUR\main.cpp(3723,17): warning C4244: 'argument': conversion from 'GLdouble' to 'GLfloat', possible loss of data
C:\Users\charl\OneDrive - Murdoch University\ICT290\Project\ict290\shayLearyALL\CAMPUS TOUR\main.cpp(3724,22): warning C4244: 'argument': conversion from 'GLdouble' to 'GLfloat', possible loss of data
C:\Users\charl\OneDrive - Murdoch University\ICT290\Project\ict290\shayLearyALL\CAMPUS TOUR\main.cpp(3725,17): warning C4244: 'argument': conversion from 'GLdouble' to 'GLfloat', possible loss of data
C:\Users\charl\OneDrive - Murdoch University\ICT290\Project\ict290\shayLearyALL\CAMPUS TOUR\main.cpp(3726,22): warning C4244: 'argument': conversion from 'GLdouble' to 'GLfloat', possible loss of data
C:\Users\charl\OneDrive - Murdoch University\ICT290\Project\ict290\shayLearyALL\CAMPUS TOUR\main.cpp(3727,15): warning C4244: 'argument': conversion from 'GLdouble' to 'GLfloat', possible loss of data
C:\Users\charl\OneDrive - Murdoch University\ICT290\Project\ict290\shayLearyALL\CAMPUS TOUR\main.cpp(3733,21): warning C4244: 'argument': conversion from 'GLdouble' to 'GLfloat', possible loss of data
C:\Users\charl\OneDrive - Murdoch University\ICT290\Project\ict290\shayLearyALL\CAMPUS TOUR\main.cpp(3733,18): warning C4244: 'argument': conversion from 'GLdouble' to 'GLfloat', possible loss of data
C:\Users\charl\OneDrive - Murdoch University\ICT290\Project\ict290\shayLearyALL\CAMPUS TOUR\main.cpp(3733,15): warning C4244: 'argument': conversion from 'GLdouble' to 'GLfloat', possible loss of data
C:\Users\charl\OneDrive - Murdoch University\ICT290\Project\ict290\shayLearyALL\CAMPUS TOUR\main.cpp(3735,28): warning C4244: 'argument': conversion from 'GLdouble' to 'GLfloat', possible loss of data
C:\Users\charl\OneDrive - Murdoch University\ICT290\Project\ict290\shayLearyALL\CAMPUS TOUR\main.cpp(3735,20): warning C4244: 'argument': conversion from 'GLdouble' to 'GLfloat', possible loss of data
C:\Users\charl\OneDrive - Murdoch University\ICT290\Project\ict290\shayLearyALL\CAMPUS TOUR\main.cpp(3735,15): warning C4244: 'argument': conversion from 'GLdouble' to 'GLfloat', possible loss of data
C:\Users\charl\OneDrive - Murdoch University\ICT290\Project\ict290\shayLearyALL\CAMPUS TOUR\main.cpp(3736,22): warning C4244: 'argument': conversion from 'GLdouble' to 'GLfloat', possible loss of data
C:\Users\charl\OneDrive - Murdoch University\ICT290\Project\ict290\shayLearyALL\CAMPUS TOUR\main.cpp(3737,15): warning C4244: 'argument': conversion from 'GLdouble' to 'GLfloat', possible loss of data
C:\Users\charl\OneDrive - Murdoch University\ICT290\Project\ict290\shayLearyALL\CAMPUS TOUR\main.cpp(3738,22): warning C4244: 'argument': conversion from 'GLdouble' to 'GLfloat', possible loss of data
C:\Users\charl\OneDrive - Murdoch University\ICT290\Project\ict290\shayLearyALL\CAMPUS TOUR\main.cpp(3739,15): warning C4244: 'argument': conversion from 'GLdouble' to 'GLfloat', possible loss of data
C:\Users\charl\OneDrive - Murdoch University\ICT290\Project\ict290\shayLearyALL\CAMPUS TOUR\main.cpp(3769,22): warning C4244: 'argument': conversion from 'GLdouble' to 'GLfloat', possible loss of data
C:\Users\charl\OneDrive - Murdoch University\ICT290\Project\ict290\shayLearyALL\CAMPUS TOUR\main.cpp(3769,16): warning C4244: 'argument': conversion from 'GLdouble' to 'GLfloat', possible loss of data
C:\Users\charl\OneDrive - Murdoch University\ICT290\Project\ict290\shayLearyALL\CAMPUS TOUR\main.cpp(3773,22): warning C4244: 'argument': conversion from 'GLdouble' to 'GLfloat', possible loss of data
C:\Users\charl\OneDrive - Murdoch University\ICT290\Project\ict290\shayLearyALL\CAMPUS TOUR\main.cpp(3773,16): warning C4244: 'argument': conversion from 'GLdouble' to 'GLfloat', possible loss of data
C:\Users\charl\OneDrive - Murdoch University\ICT290\Project\ict290\shayLearyALL\CAMPUS TOUR\main.cpp(3908,27): warning C4244: 'argument': conversion from 'GLdouble' to 'GLfloat', possible loss of data
C:\Users\charl\OneDrive - Murdoch University\ICT290\Project\ict290\shayLearyALL\CAMPUS TOUR\main.cpp(3935,29): warning C4244: 'argument': conversion from 'GLdouble' to 'GLfloat', possible loss of data
C:\Users\charl\OneDrive - Murdoch University\ICT290\Project\ict290\shayLearyALL\CAMPUS TOUR\main.cpp(3949,19): warning C4244: 'argument': conversion from 'GLdouble' to 'GLfloat', possible loss of data
C:\Users\charl\OneDrive - Murdoch University\ICT290\Project\ict290\shayLearyALL\CAMPUS TOUR\main.cpp(3977,29): warning C4244: 'argument': conversion from 'GLdouble' to 'GLfloat', possible loss of data
C:\Users\charl\OneDrive - Murdoch University\ICT290\Project\ict290\shayLearyALL\CAMPUS TOUR\main.cpp(3977,17): warning C4244: 'argument': conversion from 'GLdouble' to 'GLfloat', possible loss of data
C:\Users\charl\OneDrive - Murdoch University\ICT290\Project\ict290\shayLearyALL\CAMPUS TOUR\main.cpp(4004,19): warning C4244: 'argument': conversion from 'GLdouble' to 'GLfloat', possible loss of data
C:\Users\charl\OneDrive - Murdoch University\ICT290\Project\ict290\shayLearyALL\CAMPUS TOUR\main.cpp(4018,29): warning C4244: 'argument': conversion from 'GLdouble' to 'GLfloat', possible loss of data
C:\Users\charl\OneDrive - Murdoch University\ICT290\Project\ict290\shayLearyALL\CAMPUS TOUR\main.cpp(4177,32): warning C4305: 'argument': truncation from 'double' to 'GLfloat'
C:\Users\charl\OneDrive - Murdoch University\ICT290\Project\ict290\shayLearyALL\CAMPUS TOUR\main.cpp(4211,27): warning C4244: 'argument': conversion from 'GLdouble' to 'GLfloat', possible loss of data
C:\Users\charl\OneDrive - Murdoch University\ICT290\Project\ict290\shayLearyALL\CAMPUS TOUR\main.cpp(4242,17): warning C4244: 'argument': conversion from 'GLdouble' to 'GLfloat', possible loss of data
C:\Users\charl\OneDrive - Murdoch University\ICT290\Project\ict290\shayLearyALL\CAMPUS TOUR\main.cpp(4285,33): warning C4305: 'argument': truncation from 'double' to 'GLfloat'
C:\Users\charl\OneDrive - Murdoch University\ICT290\Project\ict290\shayLearyALL\CAMPUS TOUR\main.cpp(4290,33): warning C4305: 'argument': truncation from 'double' to 'GLfloat'
C:\Users\charl\OneDrive - Murdoch University\ICT290\Project\ict290\shayLearyALL\CAMPUS TOUR\main.cpp(4421,27): warning C4305: 'argument': truncation from 'double' to 'GLfloat'
C:\Users\charl\OneDrive - Murdoch University\ICT290\Project\ict290\shayLearyALL\CAMPUS TOUR\main.cpp(4423,28): warning C4305: 'argument': truncation from 'double' to 'GLfloat'
C:\Users\charl\OneDrive - Murdoch University\ICT290\Project\ict290\shayLearyALL\CAMPUS TOUR\main.cpp(4424,41): warning C4305: 'argument': truncation from 'double' to 'GLfloat'
C:\Users\charl\OneDrive - Murdoch University\ICT290\Project\ict290\shayLearyALL\CAMPUS TOUR\main.cpp(4425,28): warning C4305: 'argument': truncation from 'double' to 'GLfloat'
C:\Users\charl\OneDrive - Murdoch University\ICT290\Project\ict290\shayLearyALL\CAMPUS TOUR\main.cpp(4426,41): warning C4305: 'argument': truncation from 'double' to 'GLfloat'
C:\Users\charl\OneDrive - Murdoch University\ICT290\Project\ict290\shayLearyALL\CAMPUS TOUR\main.cpp(4433,27): warning C4305: 'argument': truncation from 'double' to 'GLfloat'
C:\Users\charl\OneDrive - Murdoch University\ICT290\Project\ict290\shayLearyALL\CAMPUS TOUR\main.cpp(4435,28): warning C4305: 'argument': truncation from 'double' to 'GLfloat'
C:\Users\charl\OneDrive - Murdoch University\ICT290\Project\ict290\shayLearyALL\CAMPUS TOUR\main.cpp(4436,41): warning C4305: 'argument': truncation from 'double' to 'GLfloat'
C:\Users\charl\OneDrive - Murdoch University\ICT290\Project\ict290\shayLearyALL\CAMPUS TOUR\main.cpp(4437,26): warning C4305: 'argument': truncation from 'double' to 'GLfloat'
C:\Users\charl\OneDrive - Murdoch University\ICT290\Project\ict290\shayLearyALL\CAMPUS TOUR\main.cpp(4438,41): warning C4305: 'argument': truncation from 'double' to 'GLfloat'
C:\Users\charl\OneDrive - Murdoch University\ICT290\Project\ict290\shayLearyALL\CAMPUS TOUR\main.cpp(4445,27): warning C4305: 'argument': truncation from 'double' to 'GLfloat'
C:\Users\charl\OneDrive - Murdoch University\ICT290\Project\ict290\shayLearyALL\CAMPUS TOUR\main.cpp(4447,28): warning C4305: 'argument': truncation from 'double' to 'GLfloat'
C:\Users\charl\OneDrive - Murdoch University\ICT290\Project\ict290\shayLearyALL\CAMPUS TOUR\main.cpp(4448,41): warning C4305: 'argument': truncation from 'double' to 'GLfloat'
C:\Users\charl\OneDrive - Murdoch University\ICT290\Project\ict290\shayLearyALL\CAMPUS TOUR\main.cpp(4449,26): warning C4305: 'argument': truncation from 'double' to 'GLfloat'
C:\Users\charl\OneDrive - Murdoch University\ICT290\Project\ict290\shayLearyALL\CAMPUS TOUR\main.cpp(4450,41): warning C4305: 'argument': truncation from 'double' to 'GLfloat'
C:\Users\charl\OneDrive - Murdoch University\ICT290\Project\ict290\shayLearyALL\CAMPUS TOUR\main.cpp(4457,27): warning C4305: 'argument': truncation from 'double' to 'GLfloat'
C:\Users\charl\OneDrive - Murdoch University\ICT290\Project\ict290\shayLearyALL\CAMPUS TOUR\main.cpp(4459,29): warning C4305: 'argument': truncation from 'double' to 'GLfloat'
C:\Users\charl\OneDrive - Murdoch University\ICT290\Project\ict290\shayLearyALL\CAMPUS TOUR\main.cpp(4460,41): warning C4305: 'argument': truncation from 'double' to 'GLfloat'
C:\Users\charl\OneDrive - Murdoch University\ICT290\Project\ict290\shayLearyALL\CAMPUS TOUR\main.cpp(4461,29): warning C4305: 'argument': truncation from 'double' to 'GLfloat'
C:\Users\charl\OneDrive - Murdoch University\ICT290\Project\ict290\shayLearyALL\CAMPUS TOUR\main.cpp(4462,41): warning C4305: 'argument': truncation from 'double' to 'GLfloat'
C:\Users\charl\OneDrive - Murdoch University\ICT290\Project\ict290\shayLearyALL\CAMPUS TOUR\main.cpp(4471,27): warning C4305: 'argument': truncation from 'double' to 'GLfloat'
C:\Users\charl\OneDrive - Murdoch University\ICT290\Project\ict290\shayLearyALL\CAMPUS TOUR\main.cpp(4472,41): warning C4305: 'argument': truncation from 'double' to 'GLfloat'
C:\Users\charl\OneDrive - Murdoch University\ICT290\Project\ict290\shayLearyALL\CAMPUS TOUR\main.cpp(4473,27): warning C4305: 'argument': truncation from 'double' to 'GLfloat'
C:\Users\charl\OneDrive - Murdoch University\ICT290\Project\ict290\shayLearyALL\CAMPUS TOUR\main.cpp(4474,41): warning C4305: 'argument': truncation from 'double' to 'GLfloat'
C:\Users\charl\OneDrive - Murdoch University\ICT290\Project\ict290\shayLearyALL\CAMPUS TOUR\main.cpp(4506,27): warning C4244: 'argument': conversion from 'GLdouble' to 'GLfloat', possible loss of data
C:\Users\charl\OneDrive - Murdoch University\ICT290\Project\ict290\shayLearyALL\CAMPUS TOUR\main.cpp(4517,27): warning C4244: 'argument': conversion from 'GLdouble' to 'GLfloat', possible loss of data
C:\Users\charl\OneDrive - Murdoch University\ICT290\Project\ict290\shayLearyALL\CAMPUS TOUR\main.cpp(4529,27): warning C4244: 'argument': conversion from 'GLdouble' to 'GLfloat', possible loss of data
C:\Users\charl\OneDrive - Murdoch University\ICT290\Project\ict290\shayLearyALL\CAMPUS TOUR\main.cpp(4563,30): warning C4244: 'argument': conversion from 'GLdouble' to 'GLfloat', possible loss of data
C:\Users\charl\OneDrive - Murdoch University\ICT290\Project\ict290\shayLearyALL\CAMPUS TOUR\main.cpp(4574,30): warning C4244: 'argument': conversion from 'GLdouble' to 'GLfloat', possible loss of data
C:\Users\charl\OneDrive - Murdoch University\ICT290\Project\ict290\shayLearyALL\CAMPUS TOUR\main.cpp(4586,27): warning C4244: 'argument': conversion from 'GLdouble' to 'GLfloat', possible loss of data
C:\Users\charl\OneDrive - Murdoch University\ICT290\Project\ict290\shayLearyALL\CAMPUS TOUR\main.cpp(4596,27): warning C4244: 'argument': conversion from 'GLdouble' to 'GLfloat', possible loss of data
C:\Users\charl\OneDrive - Murdoch University\ICT290\Project\ict290\shayLearyALL\CAMPUS TOUR\main.cpp(4609,27): warning C4244: 'argument': conversion from 'GLdouble' to 'GLfloat', possible loss of data
C:\Users\charl\OneDrive - Murdoch University\ICT290\Project\ict290\shayLearyALL\CAMPUS TOUR\main.cpp(4693,17): warning C4244: 'argument': conversion from 'GLdouble' to 'GLfloat', possible loss of data
C:\Users\charl\OneDrive - Murdoch University\ICT290\Project\ict290\shayLearyALL\CAMPUS TOUR\main.cpp(4704,17): warning C4244: 'argument': conversion from 'GLdouble' to 'GLfloat', possible loss of data
C:\Users\charl\OneDrive - Murdoch University\ICT290\Project\ict290\shayLearyALL\CAMPUS TOUR\main.cpp(4715,17): warning C4244: 'argument': conversion from 'GLdouble' to 'GLfloat', possible loss of data
C:\Users\charl\OneDrive - Murdoch University\ICT290\Project\ict290\shayLearyALL\CAMPUS TOUR\main.cpp(4727,17): warning C4244: 'argument': conversion from 'GLdouble' to 'GLfloat', possible loss of data
C:\Users\charl\OneDrive - Murdoch University\ICT290\Project\ict290\shayLearyALL\CAMPUS TOUR\main.cpp(4745,17): warning C4244: 'argument': conversion from 'GLdouble' to 'GLfloat', possible loss of data
C:\Users\charl\OneDrive - Murdoch University\ICT290\Project\ict290\shayLearyALL\CAMPUS TOUR\main.cpp(4973,43): warning C4244: 'argument': conversion from 'double' to 'GLfloat', possible loss of data
C:\Users\charl\OneDrive - Murdoch University\ICT290\Project\ict290\shayLearyALL\CAMPUS TOUR\main.cpp(4980,43): warning C4244: 'argument': conversion from 'double' to 'GLfloat', possible loss of data
C:\Users\charl\OneDrive - Murdoch University\ICT290\Project\ict290\shayLearyALL\CAMPUS TOUR\main.cpp(4987,43): warning C4244: 'argument': conversion from 'double' to 'GLfloat', possible loss of data
C:\Users\charl\OneDrive - Murdoch University\ICT290\Project\ict290\shayLearyALL\CAMPUS TOUR\main.cpp(5006,34): warning C4244: 'argument': conversion from 'double' to 'GLfloat', possible loss of data
C:\Users\charl\OneDrive - Murdoch University\ICT290\Project\ict290\shayLearyALL\CAMPUS TOUR\main.cpp(5006,19): warning C4244: 'argument': conversion from 'GLdouble' to 'GLfloat', possible loss of data
C:\Users\charl\OneDrive - Murdoch University\ICT290\Project\ict290\shayLearyALL\CAMPUS TOUR\main.cpp(5010,36): warning C4244: 'argument': conversion from 'double' to 'GLfloat', possible loss of data
C:\Users\charl\OneDrive - Murdoch University\ICT290\Project\ict290\shayLearyALL\CAMPUS TOUR\main.cpp(5010,19): warning C4244: 'argument': conversion from 'GLdouble' to 'GLfloat', possible loss of data
C:\Users\charl\OneDrive - Murdoch University\ICT290\Project\ict290\shayLearyALL\CAMPUS TOUR\main.cpp(5026,42): warning C4244: 'argument': conversion from 'double' to 'GLfloat', possible loss of data
C:\Users\charl\OneDrive - Murdoch University\ICT290\Project\ict290\shayLearyALL\CAMPUS TOUR\main.cpp(5026,19): warning C4244: 'argument': conversion from 'GLdouble' to 'GLfloat', possible loss of data
C:\Users\charl\OneDrive - Murdoch University\ICT290\Project\ict290\shayLearyALL\CAMPUS TOUR\main.cpp(5030,44): warning C4244: 'argument': conversion from 'double' to 'GLfloat', possible loss of data
C:\Users\charl\OneDrive - Murdoch University\ICT290\Project\ict290\shayLearyALL\CAMPUS TOUR\main.cpp(5030,19): warning C4244: 'argument': conversion from 'GLdouble' to 'GLfloat', possible loss of data
C:\Users\charl\OneDrive - Murdoch University\ICT290\Project\ict290\shayLearyALL\CAMPUS TOUR\main.cpp(5137,17): warning C4244: 'argument': conversion from 'GLdouble' to 'GLfloat', possible loss of data
C:\Users\charl\OneDrive - Murdoch University\ICT290\Project\ict290\shayLearyALL\CAMPUS TOUR\main.cpp(5146,41): warning C4305: 'argument': truncation from 'double' to 'GLfloat'
C:\Users\charl\OneDrive - Murdoch University\ICT290\Project\ict290\shayLearyALL\CAMPUS TOUR\main.cpp(5153,41): warning C4305: 'argument': truncation from 'double' to 'GLfloat'
C:\Users\charl\OneDrive - Murdoch University\ICT290\Project\ict290\shayLearyALL\CAMPUS TOUR\main.cpp(5160,41): warning C4305: 'argument': truncation from 'double' to 'GLfloat'
C:\Users\charl\OneDrive - Murdoch University\ICT290\Project\ict290\shayLearyALL\CAMPUS TOUR\main.cpp(5166,41): warning C4305: 'argument': truncation from 'double' to 'GLfloat'
C:\Users\charl\OneDrive - Murdoch University\ICT290\Project\ict290\shayLearyALL\CAMPUS TOUR\main.cpp(5167,41): warning C4305: 'argument': truncation from 'double' to 'GLfloat'
C:\Users\charl\OneDrive - Murdoch University\ICT290\Project\ict290\shayLearyALL\CAMPUS TOUR\main.cpp(5168,44): warning C4305: 'argument': truncation from 'double' to 'GLfloat'
C:\Users\charl\OneDrive - Murdoch University\ICT290\Project\ict290\shayLearyALL\CAMPUS TOUR\main.cpp(5179,39): warning C4305: 'argument': truncation from 'double' to 'GLfloat'
C:\Users\charl\OneDrive - Murdoch University\ICT290\Project\ict290\shayLearyALL\CAMPUS TOUR\main.cpp(5186,39): warning C4305: 'argument': truncation from 'double' to 'GLfloat'
C:\Users\charl\OneDrive - Murdoch University\ICT290\Project\ict290\shayLearyALL\CAMPUS TOUR\main.cpp(5193,39): warning C4305: 'argument': truncation from 'double' to 'GLfloat'
C:\Users\charl\OneDrive - Murdoch University\ICT290\Project\ict290\shayLearyALL\CAMPUS TOUR\main.cpp(5199,39): warning C4305: 'argument': truncation from 'double' to 'GLfloat'
C:\Users\charl\OneDrive - Murdoch University\ICT290\Project\ict290\shayLearyALL\CAMPUS TOUR\main.cpp(5200,39): warning C4305: 'argument': truncation from 'double' to 'GLfloat'
C:\Users\charl\OneDrive - Murdoch University\ICT290\Project\ict290\shayLearyALL\CAMPUS TOUR\main.cpp(5201,42): warning C4305: 'argument': truncation from 'double' to 'GLfloat'
C:\Users\charl\OneDrive - Murdoch University\ICT290\Project\ict290\shayLearyALL\CAMPUS TOUR\main.cpp(5213,29): warning C4244: 'argument': conversion from 'double' to 'const int', possible loss of data
C:\Users\charl\OneDrive - Murdoch University\ICT290\Project\ict290\shayLearyALL\CAMPUS TOUR\main.cpp(5214,29): warning C4244: 'argument': conversion from 'double' to 'const int', possible loss of data
C:\Users\charl\OneDrive - Murdoch University\ICT290\Project\ict290\shayLearyALL\CAMPUS TOUR\main.cpp(5216,29): warning C4244: 'argument': conversion from 'double' to 'const int', possible loss of data
C:\Users\charl\OneDrive - Murdoch University\ICT290\Project\ict290\shayLearyALL\CAMPUS TOUR\main.cpp(5217,29): warning C4244: 'argument': conversion from 'double' to 'const int', possible loss of data
C:\Users\charl\OneDrive - Murdoch University\ICT290\Project\ict290\shayLearyALL\CAMPUS TOUR\main.cpp(5219,29): warning C4244: 'argument': conversion from 'double' to 'const int', possible loss of data
C:\Users\charl\OneDrive - Murdoch University\ICT290\Project\ict290\shayLearyALL\CAMPUS TOUR\main.cpp(5220,29): warning C4244: 'argument': conversion from 'double' to 'const int', possible loss of data
C:\Users\charl\OneDrive - Murdoch University\ICT290\Project\ict290\shayLearyALL\CAMPUS TOUR\main.cpp(5222,29): warning C4244: 'argument': conversion from 'double' to 'const int', possible loss of data
C:\Users\charl\OneDrive - Murdoch University\ICT290\Project\ict290\shayLearyALL\CAMPUS TOUR\main.cpp(5223,29): warning C4244: 'argument': conversion from 'double' to 'const int', possible loss of data
C:\Users\charl\OneDrive - Murdoch University\ICT290\Project\ict290\shayLearyALL\CAMPUS TOUR\main.cpp(5225,29): warning C4244: 'argument': conversion from 'double' to 'const int', possible loss of data
C:\Users\charl\OneDrive - Murdoch University\ICT290\Project\ict290\shayLearyALL\CAMPUS TOUR\main.cpp(5226,29): warning C4244: 'argument': conversion from 'double' to 'const int', possible loss of data
C:\Users\charl\OneDrive - Murdoch University\ICT290\Project\ict290\shayLearyALL\CAMPUS TOUR\main.cpp(5231,28): warning C4244: 'argument': conversion from 'double' to 'const int', possible loss of data
C:\Users\charl\OneDrive - Murdoch University\ICT290\Project\ict290\shayLearyALL\CAMPUS TOUR\main.cpp(5236,28): warning C4244: 'argument': conversion from 'double' to 'const int', possible loss of data
C:\Users\charl\OneDrive - Murdoch University\ICT290\Project\ict290\shayLearyALL\CAMPUS TOUR\main.cpp(5241,28): warning C4244: 'argument': conversion from 'double' to 'const int', possible loss of data
C:\Users\charl\OneDrive - Murdoch University\ICT290\Project\ict290\shayLearyALL\CAMPUS TOUR\main.cpp(5247,28): warning C4244: 'argument': conversion from 'double' to 'const int', possible loss of data
C:\Users\charl\OneDrive - Murdoch University\ICT290\Project\ict290\shayLearyALL\CAMPUS TOUR\main.cpp(5249,29): warning C4244: 'argument': conversion from 'double' to 'const int', possible loss of data
C:\Users\charl\OneDrive - Murdoch University\ICT290\Project\ict290\shayLearyALL\CAMPUS TOUR\main.cpp(5250,29): warning C4244: 'argument': conversion from 'double' to 'const int', possible loss of data
C:\Users\charl\OneDrive - Murdoch University\ICT290\Project\ict290\shayLearyALL\CAMPUS TOUR\main.cpp(5251,29): warning C4244: 'argument': conversion from 'double' to 'const int', possible loss of data
C:\Users\charl\OneDrive - Murdoch University\ICT290\Project\ict290\shayLearyALL\CAMPUS TOUR\main.cpp(5252,29): warning C4244: 'argument': conversion from 'double' to 'const int', possible loss of data
C:\Users\charl\OneDrive - Murdoch University\ICT290\Project\ict290\shayLearyALL\CAMPUS TOUR\main.cpp(5253,29): warning C4244: 'argument': conversion from 'double' to 'const int', possible loss of data
C:\Users\charl\OneDrive - Murdoch University\ICT290\Project\ict290\shayLearyALL\CAMPUS TOUR\main.cpp(5254,28): warning C4244: 'argument': conversion from 'double' to 'const int', possible loss of data
C:\Users\charl\OneDrive - Murdoch University\ICT290\Project\ict290\shayLearyALL\CAMPUS TOUR\main.cpp(5255,28): warning C4244: 'argument': conversion from 'double' to 'const int', possible loss of data
C:\Users\charl\OneDrive - Murdoch University\ICT290\Project\ict290\shayLearyALL\CAMPUS TOUR\main.cpp(5256,28): warning C4244: 'argument': conversion from 'double' to 'const int', possible loss of data
C:\Users\charl\OneDrive - Murdoch University\ICT290\Project\ict290\shayLearyALL\CAMPUS TOUR\main.cpp(5257,28): warning C4244: 'argument': conversion from 'double' to 'const int', possible loss of data
C:\Users\charl\OneDrive - Murdoch University\ICT290\Project\ict290\shayLearyALL\CAMPUS TOUR\main.cpp(5258,29): warning C4244: 'argument': conversion from 'double' to 'const int', possible loss of data
C:\Users\charl\OneDrive - Murdoch University\ICT290\Project\ict290\shayLearyALL\CAMPUS TOUR\main.cpp(5259,29): warning C4244: 'argument': conversion from 'double' to 'const int', possible loss of data
  PlainLinkedList.cpp
  PlainNode.cpp
  Portal.cpp
  Sound.cpp
  SoundTime.cpp
  texturedPolygons.cpp
C:\Users\charl\OneDrive - Murdoch University\ICT290\Project\ict290\shayLearyALL\CAMPUS TOUR\texturedPolygons.cpp(47,9): warning C4996: 'fopen': This function or variable may be unsafe. Consider using fopen_s instead. To disable deprecation, use _CRT_SECURE_NO_WARNINGS. See online help for details.
C:\Users\charl\OneDrive - Murdoch University\ICT290\Project\ict290\shayLearyALL\CAMPUS TOUR\texturedPolygons.cpp(152,30): warning C4244: 'argument': conversion from 'const GLdouble' to 'GLfloat', possible loss of data
C:\Users\charl\OneDrive - Murdoch University\ICT290\Project\ict290\shayLearyALL\CAMPUS TOUR\texturedPolygons.cpp(152,21): warning C4244: 'argument': conversion from 'const GLdouble' to 'GLfloat', possible loss of data
C:\Users\charl\OneDrive - Murdoch University\ICT290\Project\ict290\shayLearyALL\CAMPUS TOUR\texturedPolygons.cpp(152,13): warning C4244: 'argument': conversion from 'const GLdouble' to 'GLfloat', possible loss of data
C:\Users\charl\OneDrive - Murdoch University\ICT290\Project\ict290\shayLearyALL\CAMPUS TOUR\texturedPolygons.cpp(153,20): warning C4244: 'argument': conversion from 'const GLdouble' to 'GLfloat', possible loss of data
C:\Users\charl\OneDrive - Murdoch University\ICT290\Project\ict290\shayLearyALL\CAMPUS TOUR\texturedPolygons.cpp(154,35): warning C4244: 'argument': conversion from 'GLdouble' to 'GLfloat', possible loss of data
C:\Users\charl\OneDrive - Murdoch University\ICT290\Project\ict290\shayLearyALL\CAMPUS TOUR\texturedPolygons.cpp(154,21): warning C4244: 'argument': conversion from 'const GLdouble' to 'GLfloat', possible loss of data
C:\Users\charl\OneDrive - Murdoch University\ICT290\Project\ict290\shayLearyALL\CAMPUS TOUR\texturedPolygons.cpp(154,13): warning C4244: 'argument': conversion from 'const GLdouble' to 'GLfloat', possible loss of data
C:\Users\charl\OneDrive - Murdoch University\ICT290\Project\ict290\shayLearyALL\CAMPUS TOUR\texturedPolygons.cpp(155,23): warning C4244: 'argument': conversion from 'const GLdouble' to 'GLfloat', possible loss of data
C:\Users\charl\OneDrive - Murdoch University\ICT290\Project\ict290\shayLearyALL\CAMPUS TOUR\texturedPolygons.cpp(155,15): warning C4244: 'argument': conversion from 'const GLdouble' to 'GLfloat', possible loss of data
C:\Users\charl\OneDrive - Murdoch University\ICT290\Project\ict290\shayLearyALL\CAMPUS TOUR\texturedPolygons.cpp(156,57): warning C4244: 'argument': conversion from 'GLdouble' to 'GLfloat', possible loss of data
C:\Users\charl\OneDrive - Murdoch University\ICT290\Project\ict290\shayLearyALL\CAMPUS TOUR\texturedPolygons.cpp(156,43): warning C4244: 'argument': conversion from 'const GLdouble' to 'GLfloat', possible loss of data
C:\Users\charl\OneDrive - Murdoch University\ICT290\Project\ict290\shayLearyALL\CAMPUS TOUR\texturedPolygons.cpp(156,20): warning C4244: 'argument': conversion from 'GLdouble' to 'GLfloat', possible loss of data
C:\Users\charl\OneDrive - Murdoch University\ICT290\Project\ict290\shayLearyALL\CAMPUS TOUR\texturedPolygons.cpp(157,15): warning C4244: 'argument': conversion from 'const GLdouble' to 'GLfloat', possible loss of data
C:\Users\charl\OneDrive - Murdoch University\ICT290\Project\ict290\shayLearyALL\CAMPUS TOUR\texturedPolygons.cpp(158,51): warning C4244: 'argument': conversion from 'const GLdouble' to 'GLfloat', possible loss of data
C:\Users\charl\OneDrive - Murdoch University\ICT290\Project\ict290\shayLearyALL\CAMPUS TOUR\texturedPolygons.cpp(158,43): warning C4244: 'argument': conversion from 'const GLdouble' to 'GLfloat', possible loss of data
C:\Users\charl\OneDrive - Murdoch University\ICT290\Project\ict290\shayLearyALL\CAMPUS TOUR\texturedPolygons.cpp(158,20): warning C4244: 'argument': conversion from 'GLdouble' to 'GLfloat', possible loss of data
C:\Users\charl\OneDrive - Murdoch University\ICT290\Project\ict290\shayLearyALL\CAMPUS TOUR\texturedPolygons.cpp(177,15): warning C4244: 'argument': conversion from 'GLdouble' to 'GLfloat', possible loss of data
C:\Users\charl\OneDrive - Murdoch University\ICT290\Project\ict290\shayLearyALL\CAMPUS TOUR\texturedPolygons.cpp(178,29): warning C4244: 'argument': conversion from 'const GLdouble' to 'GLfloat', possible loss of data
C:\Users\charl\OneDrive - Murdoch University\ICT290\Project\ict290\shayLearyALL\CAMPUS TOUR\texturedPolygons.cpp(178,21): warning C4244: 'argument': conversion from 'const GLdouble' to 'GLfloat', possible loss of data
C:\Users\charl\OneDrive - Murdoch University\ICT290\Project\ict290\shayLearyALL\CAMPUS TOUR\texturedPolygons.cpp(178,13): warning C4244: 'argument': conversion from 'const GLdouble' to 'GLfloat', possible loss of data
C:\Users\charl\OneDrive - Murdoch University\ICT290\Project\ict290\shayLearyALL\CAMPUS TOUR\texturedPolygons.cpp(179,22): warning C4244: 'argument': conversion from 'const GLdouble' to 'GLfloat', possible loss of data
C:\Users\charl\OneDrive - Murdoch University\ICT290\Project\ict290\shayLearyALL\CAMPUS TOUR\texturedPolygons.cpp(179,15): warning C4244: 'argument': conversion from 'GLdouble' to 'GLfloat', possible loss of data
C:\Users\charl\OneDrive - Murdoch University\ICT290\Project\ict290\shayLearyALL\CAMPUS TOUR\texturedPolygons.cpp(180,51): warning C4244: 'argument': conversion from 'const GLdouble' to 'GLfloat', possible loss of data
C:\Users\charl\OneDrive - Murdoch University\ICT290\Project\ict290\shayLearyALL\CAMPUS TOUR\texturedPolygons.cpp(180,28): warning C4244: 'argument': conversion from 'GLdouble' to 'GLfloat', possible loss of data
C:\Users\charl\OneDrive - Murdoch University\ICT290\Project\ict290\shayLearyALL\CAMPUS TOUR\texturedPolygons.cpp(180,13): warning C4244: 'argument': conversion from 'const GLdouble' to 'GLfloat', possible loss of data
C:\Users\charl\OneDrive - Murdoch University\ICT290\Project\ict290\shayLearyALL\CAMPUS TOUR\texturedPolygons.cpp(181,22): warning C4244: 'argument': conversion from 'const GLdouble' to 'GLfloat', possible loss of data
C:\Users\charl\OneDrive - Murdoch University\ICT290\Project\ict290\shayLearyALL\CAMPUS TOUR\texturedPolygons.cpp(181,15): warning C4244: 'argument': conversion from 'GLdouble' to 'GLfloat', possible loss of data
C:\Users\charl\OneDrive - Murdoch University\ICT290\Project\ict290\shayLearyALL\CAMPUS TOUR\texturedPolygons.cpp(182,73): warning C4244: 'argument': conversion from 'const GLdouble' to 'GLfloat', possible loss of data
C:\Users\charl\OneDrive - Murdoch University\ICT290\Project\ict290\shayLearyALL\CAMPUS TOUR\texturedPolygons.cpp(182,50): warning C4244: 'argument': conversion from 'GLdouble' to 'GLfloat', possible loss of data
C:\Users\charl\OneDrive - Murdoch University\ICT290\Project\ict290\shayLearyALL\CAMPUS TOUR\texturedPolygons.cpp(182,20): warning C4244: 'argument': conversion from 'GLdouble' to 'GLfloat', possible loss of data
C:\Users\charl\OneDrive - Murdoch University\ICT290\Project\ict290\shayLearyALL\CAMPUS TOUR\texturedPolygons.cpp(183,15): warning C4244: 'argument': conversion from 'GLdouble' to 'GLfloat', possible loss of data
C:\Users\charl\OneDrive - Murdoch University\ICT290\Project\ict290\shayLearyALL\CAMPUS TOUR\texturedPolygons.cpp(184,51): warning C4244: 'argument': conversion from 'const GLdouble' to 'GLfloat', possible loss of data
C:\Users\charl\OneDrive - Murdoch University\ICT290\Project\ict290\shayLearyALL\CAMPUS TOUR\texturedPolygons.cpp(184,43): warning C4244: 'argument': conversion from 'const GLdouble' to 'GLfloat', possible loss of data
C:\Users\charl\OneDrive - Murdoch University\ICT290\Project\ict290\shayLearyALL\CAMPUS TOUR\texturedPolygons.cpp(184,20): warning C4244: 'argument': conversion from 'GLdouble' to 'GLfloat', possible loss of data
C:\Users\charl\OneDrive - Murdoch University\ICT290\Project\ict290\shayLearyALL\CAMPUS TOUR\texturedPolygons.cpp(203,20): warning C4244: 'argument': conversion from 'GLdouble' to 'GLfloat', possible loss of data
C:\Users\charl\OneDrive - Murdoch University\ICT290\Project\ict290\shayLearyALL\CAMPUS TOUR\texturedPolygons.cpp(204,29): warning C4244: 'argument': conversion from 'const GLdouble' to 'GLfloat', possible loss of data
C:\Users\charl\OneDrive - Murdoch University\ICT290\Project\ict290\shayLearyALL\CAMPUS TOUR\texturedPolygons.cpp(204,21): warning C4244: 'argument': conversion from 'const GLdouble' to 'GLfloat', possible loss of data
C:\Users\charl\OneDrive - Murdoch University\ICT290\Project\ict290\shayLearyALL\CAMPUS TOUR\texturedPolygons.cpp(204,13): warning C4244: 'argument': conversion from 'const GLdouble' to 'GLfloat', possible loss of data
C:\Users\charl\OneDrive - Murdoch University\ICT290\Project\ict290\shayLearyALL\CAMPUS TOUR\texturedPolygons.cpp(205,20): warning C4244: 'argument': conversion from 'GLdouble' to 'GLfloat', possible loss of data
C:\Users\charl\OneDrive - Murdoch University\ICT290\Project\ict290\shayLearyALL\CAMPUS TOUR\texturedPolygons.cpp(206,36): warning C4244: 'argument': conversion from 'GLdouble' to 'GLfloat', possible loss of data
C:\Users\charl\OneDrive - Murdoch University\ICT290\Project\ict290\shayLearyALL\CAMPUS TOUR\texturedPolygons.cpp(206,21): warning C4244: 'argument': conversion from 'const GLdouble' to 'GLfloat', possible loss of data
C:\Users\charl\OneDrive - Murdoch University\ICT290\Project\ict290\shayLearyALL\CAMPUS TOUR\texturedPolygons.cpp(206,13): warning C4244: 'argument': conversion from 'const GLdouble' to 'GLfloat', possible loss of data
C:\Users\charl\OneDrive - Murdoch University\ICT290\Project\ict290\shayLearyALL\CAMPUS TOUR\texturedPolygons.cpp(207,23): warning C4244: 'argument': conversion from 'GLdouble' to 'GLfloat', possible loss of data
C:\Users\charl\OneDrive - Murdoch University\ICT290\Project\ict290\shayLearyALL\CAMPUS TOUR\texturedPolygons.cpp(207,15): warning C4244: 'argument': conversion from 'const GLdouble' to 'GLfloat', possible loss of data
C:\Users\charl\OneDrive - Murdoch University\ICT290\Project\ict290\shayLearyALL\CAMPUS TOUR\texturedPolygons.cpp(208,57): warning C4244: 'argument': conversion from 'GLdouble' to 'GLfloat', possible loss of data
C:\Users\charl\OneDrive - Murdoch University\ICT290\Project\ict290\shayLearyALL\CAMPUS TOUR\texturedPolygons.cpp(208,27): warning C4244: 'argument': conversion from 'GLdouble' to 'GLfloat', possible loss of data
C:\Users\charl\OneDrive - Murdoch University\ICT290\Project\ict290\shayLearyALL\CAMPUS TOUR\texturedPolygons.cpp(208,13): warning C4244: 'argument': conversion from 'const GLdouble' to 'GLfloat', possible loss of data
C:\Users\charl\OneDrive - Murdoch University\ICT290\Project\ict290\shayLearyALL\CAMPUS TOUR\texturedPolygons.cpp(209,23): warning C4244: 'argument': conversion from 'GLdouble' to 'GLfloat', possible loss of data
C:\Users\charl\OneDrive - Murdoch University\ICT290\Project\ict290\shayLearyALL\CAMPUS TOUR\texturedPolygons.cpp(209,15): warning C4244: 'argument': conversion from 'const GLdouble' to 'GLfloat', possible loss of data
C:\Users\charl\OneDrive - Murdoch University\ICT290\Project\ict290\shayLearyALL\CAMPUS TOUR\texturedPolygons.cpp(210,51): warning C4244: 'argument': conversion from 'const GLdouble' to 'GLfloat', possible loss of data
C:\Users\charl\OneDrive - Murdoch University\ICT290\Project\ict290\shayLearyALL\CAMPUS TOUR\texturedPolygons.cpp(210,28): warning C4244: 'argument': conversion from 'GLdouble' to 'GLfloat', possible loss of data
C:\Users\charl\OneDrive - Murdoch University\ICT290\Project\ict290\shayLearyALL\CAMPUS TOUR\texturedPolygons.cpp(210,13): warning C4244: 'argument': conversion from 'const GLdouble' to 'GLfloat', possible loss of data
C:\Users\charl\OneDrive - Murdoch University\ICT290\Project\ict290\shayLearyALL\CAMPUS TOUR\texturedPolygons.cpp(227,22): warning C4244: 'argument': conversion from 'const GLdouble' to 'GLfloat', possible loss of data
C:\Users\charl\OneDrive - Murdoch University\ICT290\Project\ict290\shayLearyALL\CAMPUS TOUR\texturedPolygons.cpp(228,31): warning C4244: 'argument': conversion from 'const GLdouble' to 'GLfloat', possible loss of data
C:\Users\charl\OneDrive - Murdoch University\ICT290\Project\ict290\shayLearyALL\CAMPUS TOUR\texturedPolygons.cpp(228,23): warning C4244: 'argument': conversion from 'const GLdouble' to 'GLfloat', possible loss of data
C:\Users\charl\OneDrive - Murdoch University\ICT290\Project\ict290\shayLearyALL\CAMPUS TOUR\texturedPolygons.cpp(228,15): warning C4244: 'argument': conversion from 'const GLdouble' to 'GLfloat', possible loss of data
C:\Users\charl\OneDrive - Murdoch University\ICT290\Project\ict290\shayLearyALL\CAMPUS TOUR\texturedPolygons.cpp(230,38): warning C4244: 'argument': conversion from 'GLdouble' to 'GLfloat', possible loss of data
C:\Users\charl\OneDrive - Murdoch University\ICT290\Project\ict290\shayLearyALL\CAMPUS TOUR\texturedPolygons.cpp(230,23): warning C4244: 'argument': conversion from 'const GLdouble' to 'GLfloat', possible loss of data
C:\Users\charl\OneDrive - Murdoch University\ICT290\Project\ict290\shayLearyALL\CAMPUS TOUR\texturedPolygons.cpp(230,15): warning C4244: 'argument': conversion from 'const GLdouble' to 'GLfloat', possible loss of data
C:\Users\charl\OneDrive - Murdoch University\ICT290\Project\ict290\shayLearyALL\CAMPUS TOUR\texturedPolygons.cpp(231,17): warning C4244: 'argument': conversion from 'const GLdouble' to 'GLfloat', possible loss of data
C:\Users\charl\OneDrive - Murdoch University\ICT290\Project\ict290\shayLearyALL\CAMPUS TOUR\texturedPolygons.cpp(232,45): warning C4244: 'argument': conversion from 'GLdouble' to 'GLfloat', possible loss of data
C:\Users\charl\OneDrive - Murdoch University\ICT290\Project\ict290\shayLearyALL\CAMPUS TOUR\texturedPolygons.cpp(232,29): warning C4244: 'argument': conversion from 'GLdouble' to 'GLfloat', possible loss of data
C:\Users\charl\OneDrive - Murdoch University\ICT290\Project\ict290\shayLearyALL\CAMPUS TOUR\texturedPolygons.cpp(232,15): warning C4244: 'argument': conversion from 'const GLdouble' to 'GLfloat', possible loss of data
C:\Users\charl\OneDrive - Murdoch University\ICT290\Project\ict290\shayLearyALL\CAMPUS TOUR\texturedPolygons.cpp(233,27): warning C4244: 'argument': conversion from 'const GLdouble' to 'GLfloat', possible loss of data
C:\Users\charl\OneDrive - Murdoch University\ICT290\Project\ict290\shayLearyALL\CAMPUS TOUR\texturedPolygons.cpp(233,17): warning C4244: 'argument': conversion from 'const GLdouble' to 'GLfloat', possible loss of data
C:\Users\charl\OneDrive - Murdoch University\ICT290\Project\ict290\shayLearyALL\CAMPUS TOUR\texturedPolygons.cpp(234,39): warning C4244: 'argument': conversion from 'const GLdouble' to 'GLfloat', possible loss of data
C:\Users\charl\OneDrive - Murdoch University\ICT290\Project\ict290\shayLearyALL\CAMPUS TOUR\texturedPolygons.cpp(234,30): warning C4244: 'argument': conversion from 'GLdouble' to 'GLfloat', possible loss of data
C:\Users\charl\OneDrive - Murdoch University\ICT290\Project\ict290\shayLearyALL\CAMPUS TOUR\texturedPolygons.cpp(234,15): warning C4244: 'argument': conversion from 'const GLdouble' to 'GLfloat', possible loss of data
C:\Users\charl\OneDrive - Murdoch University\ICT290\Project\ict290\shayLearyALL\CAMPUS TOUR\texturedPolygons.cpp(249,31): warning C4244: 'argument': conversion from 'const GLdouble' to 'GLfloat', possible loss of data
C:\Users\charl\OneDrive - Murdoch University\ICT290\Project\ict290\shayLearyALL\CAMPUS TOUR\texturedPolygons.cpp(249,23): warning C4244: 'argument': conversion from 'const GLdouble' to 'GLfloat', possible loss of data
C:\Users\charl\OneDrive - Murdoch University\ICT290\Project\ict290\shayLearyALL\CAMPUS TOUR\texturedPolygons.cpp(249,15): warning C4244: 'argument': conversion from 'const GLdouble' to 'GLfloat', possible loss of data
C:\Users\charl\OneDrive - Murdoch University\ICT290\Project\ict290\shayLearyALL\CAMPUS TOUR\texturedPolygons.cpp(250,17): warning C4244: 'argument': conversion from 'const GLdouble' to 'GLfloat', possible loss of data
C:\Users\charl\OneDrive - Murdoch University\ICT290\Project\ict290\shayLearyALL\CAMPUS TOUR\texturedPolygons.cpp(251,39): warning C4244: 'argument': conversion from 'const GLdouble' to 'GLfloat', possible loss of data
C:\Users\charl\OneDrive - Murdoch University\ICT290\Project\ict290\shayLearyALL\CAMPUS TOUR\texturedPolygons.cpp(251,31): warning C4244: 'argument': conversion from 'const GLdouble' to 'GLfloat', possible loss of data
C:\Users\charl\OneDrive - Murdoch University\ICT290\Project\ict290\shayLearyALL\CAMPUS TOUR\texturedPolygons.cpp(251,22): warning C4244: 'argument': conversion from 'GLdouble' to 'GLfloat', possible loss of data
C:\Users\charl\OneDrive - Murdoch University\ICT290\Project\ict290\shayLearyALL\CAMPUS TOUR\texturedPolygons.cpp(252,27): warning C4244: 'argument': conversion from 'const GLdouble' to 'GLfloat', possible loss of data
C:\Users\charl\OneDrive - Murdoch University\ICT290\Project\ict290\shayLearyALL\CAMPUS TOUR\texturedPolygons.cpp(252,17): warning C4244: 'argument': conversion from 'const GLdouble' to 'GLfloat', possible loss of data
C:\Users\charl\OneDrive - Murdoch University\ICT290\Project\ict290\shayLearyALL\CAMPUS TOUR\texturedPolygons.cpp(253,47): warning C4244: 'argument': conversion from 'const GLdouble' to 'GLfloat', possible loss of data
C:\Users\charl\OneDrive - Murdoch University\ICT290\Project\ict290\shayLearyALL\CAMPUS TOUR\texturedPolygons.cpp(253,38): warning C4244: 'argument': conversion from 'GLdouble' to 'GLfloat', possible loss of data
C:\Users\charl\OneDrive - Murdoch University\ICT290\Project\ict290\shayLearyALL\CAMPUS TOUR\texturedPolygons.cpp(253,22): warning C4244: 'argument': conversion from 'GLdouble' to 'GLfloat', possible loss of data
C:\Users\charl\OneDrive - Murdoch University\ICT290\Project\ict290\shayLearyALL\CAMPUS TOUR\texturedPolygons.cpp(254,22): warning C4244: 'argument': conversion from 'const GLdouble' to 'GLfloat', possible loss of data
C:\Users\charl\OneDrive - Murdoch University\ICT290\Project\ict290\shayLearyALL\CAMPUS TOUR\texturedPolygons.cpp(255,39): warning C4244: 'argument': conversion from 'const GLdouble' to 'GLfloat', possible loss of data
C:\Users\charl\OneDrive - Murdoch University\ICT290\Project\ict290\shayLearyALL\CAMPUS TOUR\texturedPolygons.cpp(255,30): warning C4244: 'argument': conversion from 'GLdouble' to 'GLfloat', possible loss of data
C:\Users\charl\OneDrive - Murdoch University\ICT290\Project\ict290\shayLearyALL\CAMPUS TOUR\texturedPolygons.cpp(255,15): warning C4244: 'argument': conversion from 'const GLdouble' to 'GLfloat', possible loss of data
C:\Users\charl\OneDrive - Murdoch University\ICT290\Project\ict290\shayLearyALL\CAMPUS TOUR\texturedPolygons.cpp(370,26): warning C4244: 'argument': conversion from 'GLdouble' to 'GLfloat', possible loss of data
C:\Users\charl\OneDrive - Murdoch University\ICT290\Project\ict290\shayLearyALL\CAMPUS TOUR\texturedPolygons.cpp(370,17): warning C4244: 'argument': conversion from 'GLdouble' to 'GLfloat', possible loss of data
C:\Users\charl\OneDrive - Murdoch University\ICT290\Project\ict290\shayLearyALL\CAMPUS TOUR\texturedPolygons.cpp(371,23): warning C4244: 'argument': conversion from 'const GLdouble' to 'GLfloat', possible loss of data
C:\Users\charl\OneDrive - Murdoch University\ICT290\Project\ict290\shayLearyALL\CAMPUS TOUR\texturedPolygons.cpp(371,19): warning C4244: 'argument': conversion from 'const GLdouble' to 'GLfloat', possible loss of data
C:\Users\charl\OneDrive - Murdoch University\ICT290\Project\ict290\shayLearyALL\CAMPUS TOUR\texturedPolygons.cpp(371,15): warning C4244: 'argument': conversion from 'const GLdouble' to 'GLfloat', possible loss of data
C:\Users\charl\OneDrive - Murdoch University\ICT290\Project\ict290\shayLearyALL\CAMPUS TOUR\texturedPolygons.cpp(372,26): warning C4244: 'argument': conversion from 'GLdouble' to 'GLfloat', possible loss of data
C:\Users\charl\OneDrive - Murdoch University\ICT290\Project\ict290\shayLearyALL\CAMPUS TOUR\texturedPolygons.cpp(372,17): warning C4244: 'argument': conversion from 'GLdouble' to 'GLfloat', possible loss of data
C:\Users\charl\OneDrive - Murdoch University\ICT290\Project\ict290\shayLearyALL\CAMPUS TOUR\texturedPolygons.cpp(373,23): warning C4244: 'argument': conversion from 'const GLdouble' to 'GLfloat', possible loss of data
C:\Users\charl\OneDrive - Murdoch University\ICT290\Project\ict290\shayLearyALL\CAMPUS TOUR\texturedPolygons.cpp(373,19): warning C4244: 'argument': conversion from 'const GLdouble' to 'GLfloat', possible loss of data
C:\Users\charl\OneDrive - Murdoch University\ICT290\Project\ict290\shayLearyALL\CAMPUS TOUR\texturedPolygons.cpp(373,15): warning C4244: 'argument': conversion from 'const GLdouble' to 'GLfloat', possible loss of data
C:\Users\charl\OneDrive - Murdoch University\ICT290\Project\ict290\shayLearyALL\CAMPUS TOUR\texturedPolygons.cpp(374,26): warning C4244: 'argument': conversion from 'GLdouble' to 'GLfloat', possible loss of data
C:\Users\charl\OneDrive - Murdoch University\ICT290\Project\ict290\shayLearyALL\CAMPUS TOUR\texturedPolygons.cpp(374,17): warning C4244: 'argument': conversion from 'GLdouble' to 'GLfloat', possible loss of data
C:\Users\charl\OneDrive - Murdoch University\ICT290\Project\ict290\shayLearyALL\CAMPUS TOUR\texturedPolygons.cpp(375,23): warning C4244: 'argument': conversion from 'const GLdouble' to 'GLfloat', possible loss of data
C:\Users\charl\OneDrive - Murdoch University\ICT290\Project\ict290\shayLearyALL\CAMPUS TOUR\texturedPolygons.cpp(375,19): warning C4244: 'argument': conversion from 'const GLdouble' to 'GLfloat', possible loss of data
C:\Users\charl\OneDrive - Murdoch University\ICT290\Project\ict290\shayLearyALL\CAMPUS TOUR\texturedPolygons.cpp(375,15): warning C4244: 'argument': conversion from 'const GLdouble' to 'GLfloat', possible loss of data
C:\Users\charl\OneDrive - Murdoch University\ICT290\Project\ict290\shayLearyALL\CAMPUS TOUR\texturedPolygons.cpp(376,26): warning C4244: 'argument': conversion from 'GLdouble' to 'GLfloat', possible loss of data
C:\Users\charl\OneDrive - Murdoch University\ICT290\Project\ict290\shayLearyALL\CAMPUS TOUR\texturedPolygons.cpp(376,17): warning C4244: 'argument': conversion from 'GLdouble' to 'GLfloat', possible loss of data
C:\Users\charl\OneDrive - Murdoch University\ICT290\Project\ict290\shayLearyALL\CAMPUS TOUR\texturedPolygons.cpp(377,23): warning C4244: 'argument': conversion from 'const GLdouble' to 'GLfloat', possible loss of data
C:\Users\charl\OneDrive - Murdoch University\ICT290\Project\ict290\shayLearyALL\CAMPUS TOUR\texturedPolygons.cpp(377,19): warning C4244: 'argument': conversion from 'const GLdouble' to 'GLfloat', possible loss of data
C:\Users\charl\OneDrive - Murdoch University\ICT290\Project\ict290\shayLearyALL\CAMPUS TOUR\texturedPolygons.cpp(377,15): warning C4244: 'argument': conversion from 'const GLdouble' to 'GLfloat', possible loss of data
  .NETFramework,Version=v4.0.AssemblyAttributes.cpp
  Generating Code...
LINK : warning LNK4075: ignoring '/INCREMENTAL' due to '/OPT:ICF' specification
Release\.NETFramework,Version=v4.0.AssemblyAttributes.obj : warning LNK4042: object specified more than once; extras ignored
main.obj : warning LNK4248: unresolved typeref token (0100001B) for 'GLUquadric'; image may not run
  shaysWorld.vcxproj -> C:\Users\charl\OneDrive - Murdoch University\ICT290\Project\ict290\shayLearyALL\CAMPUS TOUR\Release\shaysWorld.exe
