C:\Program Files (x86)\Microsoft Visual Studio\2019\Community\MSBuild\Microsoft\VC\v160\Microsoft.CppBuild.targets(1044,5): warning MSB8027: Two or more files with the name of .NETFramework,Version=v4.0.AssemblyAttributes.cpp will produce outputs to the same location. This can lead to an incorrect build result.  The files involved are debug\.NETFramework,Version=v4.0.AssemblyAttributes.cpp, Debug\.NETFramework,Version=v4.0.AssemblyAttributes.cpp.
  Portal.cpp
  main.cpp
C:\Users\Vladislav Kennebury\Desktop\ICT290A1\ict290\shayLearyALL\CAMPUS TOUR\main.cpp(456,56): warning C4305: 'argument': truncation from 'double' to 'GLclampf'
C:\Users\Vladislav Kennebury\Desktop\ICT290A1\ict290\shayLearyALL\CAMPUS TOUR\main.cpp(1724,27): warning C4244: 'argument': conversion from 'GLdouble' to 'GLfloat', possible loss of data
C:\Users\Vladislav Kennebury\Desktop\ICT290A1\ict290\shayLearyALL\CAMPUS TOUR\main.cpp(1750,27): warning C4244: 'argument': conversion from 'GLdouble' to 'GLfloat', possible loss of data
C:\Users\Vladislav Kennebury\Desktop\ICT290A1\ict290\shayLearyALL\CAMPUS TOUR\main.cpp(1767,26): warning C4244: 'argument': conversion from 'GLdouble' to 'GLfloat', possible loss of data
C:\Users\Vladislav Kennebury\Desktop\ICT290A1\ict290\shayLearyALL\CAMPUS TOUR\main.cpp(2005,31): warning C4305: 'argument': truncation from 'double' to 'GLfloat'
C:\Users\Vladislav Kennebury\Desktop\ICT290A1\ict290\shayLearyALL\CAMPUS TOUR\main.cpp(2093,17): warning C4244: 'argument': conversion from 'GLdouble' to 'GLfloat', possible loss of data
C:\Users\Vladislav Kennebury\Desktop\ICT290A1\ict290\shayLearyALL\CAMPUS TOUR\main.cpp(2105,17): warning C4244: 'argument': conversion from 'GLdouble' to 'GLfloat', possible loss of data
C:\Users\Vladislav Kennebury\Desktop\ICT290A1\ict290\shayLearyALL\CAMPUS TOUR\main.cpp(2171,48): warning C4305: 'argument': truncation from 'double' to 'GLfloat'
C:\Users\Vladislav Kennebury\Desktop\ICT290A1\ict290\shayLearyALL\CAMPUS TOUR\main.cpp(2172,27): warning C4305: 'argument': truncation from 'double' to 'GLfloat'
C:\Users\Vladislav Kennebury\Desktop\ICT290A1\ict290\shayLearyALL\CAMPUS TOUR\main.cpp(2173,45): warning C4305: 'argument': truncation from 'double' to 'GLfloat'
C:\Users\Vladislav Kennebury\Desktop\ICT290A1\ict290\shayLearyALL\CAMPUS TOUR\main.cpp(2174,27): warning C4305: 'argument': truncation from 'double' to 'GLfloat'
C:\Users\Vladislav Kennebury\Desktop\ICT290A1\ict290\shayLearyALL\CAMPUS TOUR\main.cpp(2175,46): warning C4305: 'argument': truncation from 'double' to 'GLfloat'
C:\Users\Vladislav Kennebury\Desktop\ICT290A1\ict290\shayLearyALL\CAMPUS TOUR\main.cpp(2177,47): warning C4305: 'argument': truncation from 'double' to 'GLfloat'
C:\Users\Vladislav Kennebury\Desktop\ICT290A1\ict290\shayLearyALL\CAMPUS TOUR\main.cpp(2184,48): warning C4305: 'argument': truncation from 'double' to 'GLfloat'
C:\Users\Vladislav Kennebury\Desktop\ICT290A1\ict290\shayLearyALL\CAMPUS TOUR\main.cpp(2185,27): warning C4305: 'argument': truncation from 'double' to 'GLfloat'
C:\Users\Vladislav Kennebury\Desktop\ICT290A1\ict290\shayLearyALL\CAMPUS TOUR\main.cpp(2186,45): warning C4305: 'argument': truncation from 'double' to 'GLfloat'
C:\Users\Vladislav Kennebury\Desktop\ICT290A1\ict290\shayLearyALL\CAMPUS TOUR\main.cpp(2187,28): warning C4305: 'argument': truncation from 'double' to 'GLfloat'
C:\Users\Vladislav Kennebury\Desktop\ICT290A1\ict290\shayLearyALL\CAMPUS TOUR\main.cpp(2188,51): warning C4305: 'argument': truncation from 'double' to 'GLfloat'
C:\Users\Vladislav Kennebury\Desktop\ICT290A1\ict290\shayLearyALL\CAMPUS TOUR\main.cpp(2190,52): warning C4305: 'argument': truncation from 'double' to 'GLfloat'
C:\Users\Vladislav Kennebury\Desktop\ICT290A1\ict290\shayLearyALL\CAMPUS TOUR\main.cpp(2198,48): warning C4305: 'argument': truncation from 'double' to 'GLfloat'
C:\Users\Vladislav Kennebury\Desktop\ICT290A1\ict290\shayLearyALL\CAMPUS TOUR\main.cpp(2199,27): warning C4305: 'argument': truncation from 'double' to 'GLfloat'
C:\Users\Vladislav Kennebury\Desktop\ICT290A1\ict290\shayLearyALL\CAMPUS TOUR\main.cpp(2200,45): warning C4305: 'argument': truncation from 'double' to 'GLfloat'
C:\Users\Vladislav Kennebury\Desktop\ICT290A1\ict290\shayLearyALL\CAMPUS TOUR\main.cpp(2201,28): warning C4305: 'argument': truncation from 'double' to 'GLfloat'
C:\Users\Vladislav Kennebury\Desktop\ICT290A1\ict290\shayLearyALL\CAMPUS TOUR\main.cpp(2202,51): warning C4305: 'argument': truncation from 'double' to 'GLfloat'
C:\Users\Vladislav Kennebury\Desktop\ICT290A1\ict290\shayLearyALL\CAMPUS TOUR\main.cpp(2204,52): warning C4305: 'argument': truncation from 'double' to 'GLfloat'
C:\Users\Vladislav Kennebury\Desktop\ICT290A1\ict290\shayLearyALL\CAMPUS TOUR\main.cpp(2270,27): warning C4244: 'argument': conversion from 'GLdouble' to 'GLfloat', possible loss of data
C:\Users\Vladislav Kennebury\Desktop\ICT290A1\ict290\shayLearyALL\CAMPUS TOUR\main.cpp(2274,32): warning C4244: 'argument': conversion from 'GLdouble' to 'GLfloat', possible loss of data
C:\Users\Vladislav Kennebury\Desktop\ICT290A1\ict290\shayLearyALL\CAMPUS TOUR\main.cpp(2354,34): warning C4244: 'argument': conversion from 'GLdouble' to 'GLfloat', possible loss of data
C:\Users\Vladislav Kennebury\Desktop\ICT290A1\ict290\shayLearyALL\CAMPUS TOUR\main.cpp(2354,17): warning C4244: 'argument': conversion from 'GLdouble' to 'GLfloat', possible loss of data
C:\Users\Vladislav Kennebury\Desktop\ICT290A1\ict290\shayLearyALL\CAMPUS TOUR\main.cpp(2359,29): warning C4244: 'argument': conversion from 'GLdouble' to 'GLfloat', possible loss of data
C:\Users\Vladislav Kennebury\Desktop\ICT290A1\ict290\shayLearyALL\CAMPUS TOUR\main.cpp(2363,34): warning C4244: 'argument': conversion from 'GLdouble' to 'GLfloat', possible loss of data
C:\Users\Vladislav Kennebury\Desktop\ICT290A1\ict290\shayLearyALL\CAMPUS TOUR\main.cpp(2369,33): warning C4244: 'argument': conversion from 'GLdouble' to 'GLfloat', possible loss of data
C:\Users\Vladislav Kennebury\Desktop\ICT290A1\ict290\shayLearyALL\CAMPUS TOUR\main.cpp(2373,38): warning C4244: 'argument': conversion from 'GLdouble' to 'GLfloat', possible loss of data
C:\Users\Vladislav Kennebury\Desktop\ICT290A1\ict290\shayLearyALL\CAMPUS TOUR\main.cpp(2380,29): warning C4244: 'argument': conversion from 'GLdouble' to 'GLfloat', possible loss of data
C:\Users\Vladislav Kennebury\Desktop\ICT290A1\ict290\shayLearyALL\CAMPUS TOUR\main.cpp(2384,31): warning C4244: 'argument': conversion from 'GLdouble' to 'GLfloat', possible loss of data
C:\Users\Vladislav Kennebury\Desktop\ICT290A1\ict290\shayLearyALL\CAMPUS TOUR\main.cpp(2390,33): warning C4244: 'argument': conversion from 'GLdouble' to 'GLfloat', possible loss of data
C:\Users\Vladislav Kennebury\Desktop\ICT290A1\ict290\shayLearyALL\CAMPUS TOUR\main.cpp(2407,17): warning C4244: 'argument': conversion from 'GLdouble' to 'GLfloat', possible loss of data
C:\Users\Vladislav Kennebury\Desktop\ICT290A1\ict290\shayLearyALL\CAMPUS TOUR\main.cpp(2411,17): warning C4244: 'argument': conversion from 'GLdouble' to 'GLfloat', possible loss of data
C:\Users\Vladislav Kennebury\Desktop\ICT290A1\ict290\shayLearyALL\CAMPUS TOUR\main.cpp(2417,17): warning C4244: 'argument': conversion from 'GLdouble' to 'GLfloat', possible loss of data
C:\Users\Vladislav Kennebury\Desktop\ICT290A1\ict290\shayLearyALL\CAMPUS TOUR\main.cpp(2421,22): warning C4244: 'argument': conversion from 'GLdouble' to 'GLfloat', possible loss of data
C:\Users\Vladislav Kennebury\Desktop\ICT290A1\ict290\shayLearyALL\CAMPUS TOUR\main.cpp(2460,27): warning C4244: 'argument': conversion from 'GLdouble' to 'GLfloat', possible loss of data
C:\Users\Vladislav Kennebury\Desktop\ICT290A1\ict290\shayLearyALL\CAMPUS TOUR\main.cpp(2467,32): warning C4244: 'argument': conversion from 'GLdouble' to 'GLfloat', possible loss of data
C:\Users\Vladislav Kennebury\Desktop\ICT290A1\ict290\shayLearyALL\CAMPUS TOUR\main.cpp(2478,31): warning C4244: 'argument': conversion from 'GLdouble' to 'GLfloat', possible loss of data
C:\Users\Vladislav Kennebury\Desktop\ICT290A1\ict290\shayLearyALL\CAMPUS TOUR\main.cpp(2485,36): warning C4244: 'argument': conversion from 'GLdouble' to 'GLfloat', possible loss of data
C:\Users\Vladislav Kennebury\Desktop\ICT290A1\ict290\shayLearyALL\CAMPUS TOUR\main.cpp(2508,30): warning C4244: 'argument': conversion from 'GLdouble' to 'GLfloat', possible loss of data
C:\Users\Vladislav Kennebury\Desktop\ICT290A1\ict290\shayLearyALL\CAMPUS TOUR\main.cpp(2522,34): warning C4244: 'argument': conversion from 'GLdouble' to 'GLfloat', possible loss of data
C:\Users\Vladislav Kennebury\Desktop\ICT290A1\ict290\shayLearyALL\CAMPUS TOUR\main.cpp(2522,22): warning C4244: 'argument': conversion from 'GLdouble' to 'GLfloat', possible loss of data
C:\Users\Vladislav Kennebury\Desktop\ICT290A1\ict290\shayLearyALL\CAMPUS TOUR\main.cpp(2542,27): warning C4244: 'argument': conversion from 'GLdouble' to 'GLfloat', possible loss of data
C:\Users\Vladislav Kennebury\Desktop\ICT290A1\ict290\shayLearyALL\CAMPUS TOUR\main.cpp(2580,27): warning C4305: 'argument': truncation from 'double' to 'GLfloat'
C:\Users\Vladislav Kennebury\Desktop\ICT290A1\ict290\shayLearyALL\CAMPUS TOUR\main.cpp(2581,59): warning C4305: 'argument': truncation from 'double' to 'GLfloat'
C:\Users\Vladislav Kennebury\Desktop\ICT290A1\ict290\shayLearyALL\CAMPUS TOUR\main.cpp(2582,27): warning C4305: 'argument': truncation from 'double' to 'GLfloat'
C:\Users\Vladislav Kennebury\Desktop\ICT290A1\ict290\shayLearyALL\CAMPUS TOUR\main.cpp(2583,59): warning C4305: 'argument': truncation from 'double' to 'GLfloat'
C:\Users\Vladislav Kennebury\Desktop\ICT290A1\ict290\shayLearyALL\CAMPUS TOUR\main.cpp(2632,22): warning C4244: 'argument': conversion from 'GLdouble' to 'GLfloat', possible loss of data
C:\Users\Vladislav Kennebury\Desktop\ICT290A1\ict290\shayLearyALL\CAMPUS TOUR\main.cpp(2640,20): warning C4244: 'argument': conversion from 'GLdouble' to 'GLfloat', possible loss of data
C:\Users\Vladislav Kennebury\Desktop\ICT290A1\ict290\shayLearyALL\CAMPUS TOUR\main.cpp(2647,25): warning C4244: 'argument': conversion from 'GLdouble' to 'GLfloat', possible loss of data
C:\Users\Vladislav Kennebury\Desktop\ICT290A1\ict290\shayLearyALL\CAMPUS TOUR\main.cpp(2660,22): warning C4244: 'argument': conversion from 'GLdouble' to 'GLfloat', possible loss of data
C:\Users\Vladislav Kennebury\Desktop\ICT290A1\ict290\shayLearyALL\CAMPUS TOUR\main.cpp(2668,20): warning C4244: 'argument': conversion from 'GLdouble' to 'GLfloat', possible loss of data
C:\Users\Vladislav Kennebury\Desktop\ICT290A1\ict290\shayLearyALL\CAMPUS TOUR\main.cpp(2734,28): warning C4305: 'argument': truncation from 'double' to 'GLfloat'
C:\Users\Vladislav Kennebury\Desktop\ICT290A1\ict290\shayLearyALL\CAMPUS TOUR\main.cpp(2735,60): warning C4305: 'argument': truncation from 'double' to 'GLfloat'
C:\Users\Vladislav Kennebury\Desktop\ICT290A1\ict290\shayLearyALL\CAMPUS TOUR\main.cpp(2736,28): warning C4305: 'argument': truncation from 'double' to 'GLfloat'
C:\Users\Vladislav Kennebury\Desktop\ICT290A1\ict290\shayLearyALL\CAMPUS TOUR\main.cpp(2737,60): warning C4305: 'argument': truncation from 'double' to 'GLfloat'
C:\Users\Vladislav Kennebury\Desktop\ICT290A1\ict290\shayLearyALL\CAMPUS TOUR\main.cpp(2746,28): warning C4305: 'argument': truncation from 'double' to 'GLfloat'
C:\Users\Vladislav Kennebury\Desktop\ICT290A1\ict290\shayLearyALL\CAMPUS TOUR\main.cpp(2747,60): warning C4305: 'argument': truncation from 'double' to 'GLfloat'
C:\Users\Vladislav Kennebury\Desktop\ICT290A1\ict290\shayLearyALL\CAMPUS TOUR\main.cpp(2748,28): warning C4305: 'argument': truncation from 'double' to 'GLfloat'
C:\Users\Vladislav Kennebury\Desktop\ICT290A1\ict290\shayLearyALL\CAMPUS TOUR\main.cpp(2749,60): warning C4305: 'argument': truncation from 'double' to 'GLfloat'
C:\Users\Vladislav Kennebury\Desktop\ICT290A1\ict290\shayLearyALL\CAMPUS TOUR\main.cpp(3042,27): warning C4244: 'argument': conversion from 'GLdouble' to 'GLfloat', possible loss of data
C:\Users\Vladislav Kennebury\Desktop\ICT290A1\ict290\shayLearyALL\CAMPUS TOUR\main.cpp(3252,27): warning C4244: 'argument': conversion from 'GLdouble' to 'GLfloat', possible loss of data
C:\Users\Vladislav Kennebury\Desktop\ICT290A1\ict290\shayLearyALL\CAMPUS TOUR\main.cpp(3267,27): warning C4244: 'argument': conversion from 'GLdouble' to 'GLfloat', possible loss of data
C:\Users\Vladislav Kennebury\Desktop\ICT290A1\ict290\shayLearyALL\CAMPUS TOUR\main.cpp(3283,27): warning C4244: 'argument': conversion from 'GLdouble' to 'GLfloat', possible loss of data
C:\Users\Vladislav Kennebury\Desktop\ICT290A1\ict290\shayLearyALL\CAMPUS TOUR\main.cpp(3303,17): warning C4244: 'argument': conversion from 'GLdouble' to 'GLfloat', possible loss of data
C:\Users\Vladislav Kennebury\Desktop\ICT290A1\ict290\shayLearyALL\CAMPUS TOUR\main.cpp(3326,27): warning C4244: 'argument': conversion from 'GLdouble' to 'GLfloat', possible loss of data
C:\Users\Vladislav Kennebury\Desktop\ICT290A1\ict290\shayLearyALL\CAMPUS TOUR\main.cpp(3330,32): warning C4244: 'argument': conversion from 'GLdouble' to 'GLfloat', possible loss of data
C:\Users\Vladislav Kennebury\Desktop\ICT290A1\ict290\shayLearyALL\CAMPUS TOUR\main.cpp(3349,27): warning C4244: 'argument': conversion from 'GLdouble' to 'GLfloat', possible loss of data
C:\Users\Vladislav Kennebury\Desktop\ICT290A1\ict290\shayLearyALL\CAMPUS TOUR\main.cpp(3353,32): warning C4244: 'argument': conversion from 'GLdouble' to 'GLfloat', possible loss of data
C:\Users\Vladislav Kennebury\Desktop\ICT290A1\ict290\shayLearyALL\CAMPUS TOUR\main.cpp(3373,27): warning C4244: 'argument': conversion from 'GLdouble' to 'GLfloat', possible loss of data
C:\Users\Vladislav Kennebury\Desktop\ICT290A1\ict290\shayLearyALL\CAMPUS TOUR\main.cpp(3377,32): warning C4244: 'argument': conversion from 'GLdouble' to 'GLfloat', possible loss of data
C:\Users\Vladislav Kennebury\Desktop\ICT290A1\ict290\shayLearyALL\CAMPUS TOUR\main.cpp(3397,17): warning C4244: 'argument': conversion from 'GLdouble' to 'GLfloat', possible loss of data
C:\Users\Vladislav Kennebury\Desktop\ICT290A1\ict290\shayLearyALL\CAMPUS TOUR\main.cpp(3401,22): warning C4244: 'argument': conversion from 'GLdouble' to 'GLfloat', possible loss of data
C:\Users\Vladislav Kennebury\Desktop\ICT290A1\ict290\shayLearyALL\CAMPUS TOUR\main.cpp(3462,27): warning C4305: 'argument': truncation from 'double' to 'GLfloat'
C:\Users\Vladislav Kennebury\Desktop\ICT290A1\ict290\shayLearyALL\CAMPUS TOUR\main.cpp(3463,57): warning C4305: 'argument': truncation from 'double' to 'GLfloat'
C:\Users\Vladislav Kennebury\Desktop\ICT290A1\ict290\shayLearyALL\CAMPUS TOUR\main.cpp(3464,27): warning C4305: 'argument': truncation from 'double' to 'GLfloat'
C:\Users\Vladislav Kennebury\Desktop\ICT290A1\ict290\shayLearyALL\CAMPUS TOUR\main.cpp(3465,58): warning C4305: 'argument': truncation from 'double' to 'GLfloat'
C:\Users\Vladislav Kennebury\Desktop\ICT290A1\ict290\shayLearyALL\CAMPUS TOUR\main.cpp(3467,40): warning C4305: 'argument': truncation from 'double' to 'GLfloat'
C:\Users\Vladislav Kennebury\Desktop\ICT290A1\ict290\shayLearyALL\CAMPUS TOUR\main.cpp(3474,39): warning C4305: 'argument': truncation from 'double' to 'GLfloat'
C:\Users\Vladislav Kennebury\Desktop\ICT290A1\ict290\shayLearyALL\CAMPUS TOUR\main.cpp(3475,27): warning C4305: 'argument': truncation from 'double' to 'GLfloat'
C:\Users\Vladislav Kennebury\Desktop\ICT290A1\ict290\shayLearyALL\CAMPUS TOUR\main.cpp(3476,57): warning C4305: 'argument': truncation from 'double' to 'GLfloat'
C:\Users\Vladislav Kennebury\Desktop\ICT290A1\ict290\shayLearyALL\CAMPUS TOUR\main.cpp(3477,27): warning C4305: 'argument': truncation from 'double' to 'GLfloat'
C:\Users\Vladislav Kennebury\Desktop\ICT290A1\ict290\shayLearyALL\CAMPUS TOUR\main.cpp(3478,56): warning C4305: 'argument': truncation from 'double' to 'GLfloat'
C:\Users\Vladislav Kennebury\Desktop\ICT290A1\ict290\shayLearyALL\CAMPUS TOUR\main.cpp(3487,39): warning C4305: 'argument': truncation from 'double' to 'GLfloat'
C:\Users\Vladislav Kennebury\Desktop\ICT290A1\ict290\shayLearyALL\CAMPUS TOUR\main.cpp(3489,59): warning C4305: 'argument': truncation from 'double' to 'GLfloat'
C:\Users\Vladislav Kennebury\Desktop\ICT290A1\ict290\shayLearyALL\CAMPUS TOUR\main.cpp(3490,30): warning C4305: 'argument': truncation from 'double' to 'GLfloat'
C:\Users\Vladislav Kennebury\Desktop\ICT290A1\ict290\shayLearyALL\CAMPUS TOUR\main.cpp(3491,59): warning C4305: 'argument': truncation from 'double' to 'GLfloat'
C:\Users\Vladislav Kennebury\Desktop\ICT290A1\ict290\shayLearyALL\CAMPUS TOUR\main.cpp(3492,30): warning C4305: 'argument': truncation from 'double' to 'GLfloat'
C:\Users\Vladislav Kennebury\Desktop\ICT290A1\ict290\shayLearyALL\CAMPUS TOUR\main.cpp(3493,40): warning C4305: 'argument': truncation from 'double' to 'GLfloat'
C:\Users\Vladislav Kennebury\Desktop\ICT290A1\ict290\shayLearyALL\CAMPUS TOUR\main.cpp(3501,27): warning C4305: 'argument': truncation from 'double' to 'GLfloat'
C:\Users\Vladislav Kennebury\Desktop\ICT290A1\ict290\shayLearyALL\CAMPUS TOUR\main.cpp(3502,57): warning C4305: 'argument': truncation from 'double' to 'GLfloat'
C:\Users\Vladislav Kennebury\Desktop\ICT290A1\ict290\shayLearyALL\CAMPUS TOUR\main.cpp(3503,29): warning C4305: 'argument': truncation from 'double' to 'GLfloat'
C:\Users\Vladislav Kennebury\Desktop\ICT290A1\ict290\shayLearyALL\CAMPUS TOUR\main.cpp(3504,58): warning C4305: 'argument': truncation from 'double' to 'GLfloat'
C:\Users\Vladislav Kennebury\Desktop\ICT290A1\ict290\shayLearyALL\CAMPUS TOUR\main.cpp(3505,27): warning C4305: 'argument': truncation from 'double' to 'GLfloat'
C:\Users\Vladislav Kennebury\Desktop\ICT290A1\ict290\shayLearyALL\CAMPUS TOUR\main.cpp(3506,40): warning C4305: 'argument': truncation from 'double' to 'GLfloat'
C:\Users\Vladislav Kennebury\Desktop\ICT290A1\ict290\shayLearyALL\CAMPUS TOUR\main.cpp(3516,27): warning C4305: 'argument': truncation from 'double' to 'GLfloat'
C:\Users\Vladislav Kennebury\Desktop\ICT290A1\ict290\shayLearyALL\CAMPUS TOUR\main.cpp(3517,41): warning C4305: 'argument': truncation from 'double' to 'GLfloat'
C:\Users\Vladislav Kennebury\Desktop\ICT290A1\ict290\shayLearyALL\CAMPUS TOUR\main.cpp(3518,27): warning C4305: 'argument': truncation from 'double' to 'GLfloat'
C:\Users\Vladislav Kennebury\Desktop\ICT290A1\ict290\shayLearyALL\CAMPUS TOUR\main.cpp(3519,41): warning C4305: 'argument': truncation from 'double' to 'GLfloat'
C:\Users\Vladislav Kennebury\Desktop\ICT290A1\ict290\shayLearyALL\CAMPUS TOUR\main.cpp(3529,27): warning C4305: 'argument': truncation from 'double' to 'GLfloat'
C:\Users\Vladislav Kennebury\Desktop\ICT290A1\ict290\shayLearyALL\CAMPUS TOUR\main.cpp(3530,48): warning C4305: 'argument': truncation from 'double' to 'GLfloat'
C:\Users\Vladislav Kennebury\Desktop\ICT290A1\ict290\shayLearyALL\CAMPUS TOUR\main.cpp(3531,27): warning C4305: 'argument': truncation from 'double' to 'GLfloat'
C:\Users\Vladislav Kennebury\Desktop\ICT290A1\ict290\shayLearyALL\CAMPUS TOUR\main.cpp(3532,41): warning C4305: 'argument': truncation from 'double' to 'GLfloat'
C:\Users\Vladislav Kennebury\Desktop\ICT290A1\ict290\shayLearyALL\CAMPUS TOUR\main.cpp(3540,27): warning C4305: 'argument': truncation from 'double' to 'GLfloat'
C:\Users\Vladislav Kennebury\Desktop\ICT290A1\ict290\shayLearyALL\CAMPUS TOUR\main.cpp(3541,58): warning C4305: 'argument': truncation from 'double' to 'GLfloat'
C:\Users\Vladislav Kennebury\Desktop\ICT290A1\ict290\shayLearyALL\CAMPUS TOUR\main.cpp(3542,29): warning C4305: 'argument': truncation from 'double' to 'GLfloat'
C:\Users\Vladislav Kennebury\Desktop\ICT290A1\ict290\shayLearyALL\CAMPUS TOUR\main.cpp(3543,59): warning C4305: 'argument': truncation from 'double' to 'GLfloat'
C:\Users\Vladislav Kennebury\Desktop\ICT290A1\ict290\shayLearyALL\CAMPUS TOUR\main.cpp(3544,27): warning C4305: 'argument': truncation from 'double' to 'GLfloat'
C:\Users\Vladislav Kennebury\Desktop\ICT290A1\ict290\shayLearyALL\CAMPUS TOUR\main.cpp(3545,41): warning C4305: 'argument': truncation from 'double' to 'GLfloat'
C:\Users\Vladislav Kennebury\Desktop\ICT290A1\ict290\shayLearyALL\CAMPUS TOUR\main.cpp(3555,27): warning C4305: 'argument': truncation from 'double' to 'GLfloat'
C:\Users\Vladislav Kennebury\Desktop\ICT290A1\ict290\shayLearyALL\CAMPUS TOUR\main.cpp(3556,48): warning C4305: 'argument': truncation from 'double' to 'GLfloat'
C:\Users\Vladislav Kennebury\Desktop\ICT290A1\ict290\shayLearyALL\CAMPUS TOUR\main.cpp(3557,27): warning C4305: 'argument': truncation from 'double' to 'GLfloat'
C:\Users\Vladislav Kennebury\Desktop\ICT290A1\ict290\shayLearyALL\CAMPUS TOUR\main.cpp(3558,41): warning C4305: 'argument': truncation from 'double' to 'GLfloat'
C:\Users\Vladislav Kennebury\Desktop\ICT290A1\ict290\shayLearyALL\CAMPUS TOUR\main.cpp(3568,27): warning C4305: 'argument': truncation from 'double' to 'GLfloat'
C:\Users\Vladislav Kennebury\Desktop\ICT290A1\ict290\shayLearyALL\CAMPUS TOUR\main.cpp(3569,48): warning C4305: 'argument': truncation from 'double' to 'GLfloat'
C:\Users\Vladislav Kennebury\Desktop\ICT290A1\ict290\shayLearyALL\CAMPUS TOUR\main.cpp(3570,27): warning C4305: 'argument': truncation from 'double' to 'GLfloat'
C:\Users\Vladislav Kennebury\Desktop\ICT290A1\ict290\shayLearyALL\CAMPUS TOUR\main.cpp(3571,41): warning C4305: 'argument': truncation from 'double' to 'GLfloat'
C:\Users\Vladislav Kennebury\Desktop\ICT290A1\ict290\shayLearyALL\CAMPUS TOUR\main.cpp(3578,41): warning C4305: 'argument': truncation from 'double' to 'GLfloat'
C:\Users\Vladislav Kennebury\Desktop\ICT290A1\ict290\shayLearyALL\CAMPUS TOUR\main.cpp(3579,26): warning C4305: 'argument': truncation from 'double' to 'GLfloat'
C:\Users\Vladislav Kennebury\Desktop\ICT290A1\ict290\shayLearyALL\CAMPUS TOUR\main.cpp(3580,58): warning C4305: 'argument': truncation from 'double' to 'GLfloat'
C:\Users\Vladislav Kennebury\Desktop\ICT290A1\ict290\shayLearyALL\CAMPUS TOUR\main.cpp(3581,28): warning C4305: 'argument': truncation from 'double' to 'GLfloat'
C:\Users\Vladislav Kennebury\Desktop\ICT290A1\ict290\shayLearyALL\CAMPUS TOUR\main.cpp(3582,58): warning C4305: 'argument': truncation from 'double' to 'GLfloat'
C:\Users\Vladislav Kennebury\Desktop\ICT290A1\ict290\shayLearyALL\CAMPUS TOUR\main.cpp(3583,27): warning C4305: 'argument': truncation from 'double' to 'GLfloat'
C:\Users\Vladislav Kennebury\Desktop\ICT290A1\ict290\shayLearyALL\CAMPUS TOUR\main.cpp(3584,41): warning C4305: 'argument': truncation from 'double' to 'GLfloat'
C:\Users\Vladislav Kennebury\Desktop\ICT290A1\ict290\shayLearyALL\CAMPUS TOUR\main.cpp(3591,41): warning C4305: 'argument': truncation from 'double' to 'GLfloat'
C:\Users\Vladislav Kennebury\Desktop\ICT290A1\ict290\shayLearyALL\CAMPUS TOUR\main.cpp(3593,48): warning C4305: 'argument': truncation from 'double' to 'GLfloat'
C:\Users\Vladislav Kennebury\Desktop\ICT290A1\ict290\shayLearyALL\CAMPUS TOUR\main.cpp(3594,27): warning C4305: 'argument': truncation from 'double' to 'GLfloat'
C:\Users\Vladislav Kennebury\Desktop\ICT290A1\ict290\shayLearyALL\CAMPUS TOUR\main.cpp(3595,48): warning C4305: 'argument': truncation from 'double' to 'GLfloat'
C:\Users\Vladislav Kennebury\Desktop\ICT290A1\ict290\shayLearyALL\CAMPUS TOUR\main.cpp(3596,27): warning C4305: 'argument': truncation from 'double' to 'GLfloat'
C:\Users\Vladislav Kennebury\Desktop\ICT290A1\ict290\shayLearyALL\CAMPUS TOUR\main.cpp(3597,41): warning C4305: 'argument': truncation from 'double' to 'GLfloat'
C:\Users\Vladislav Kennebury\Desktop\ICT290A1\ict290\shayLearyALL\CAMPUS TOUR\main.cpp(3604,41): warning C4305: 'argument': truncation from 'double' to 'GLfloat'
C:\Users\Vladislav Kennebury\Desktop\ICT290A1\ict290\shayLearyALL\CAMPUS TOUR\main.cpp(3606,48): warning C4305: 'argument': truncation from 'double' to 'GLfloat'
C:\Users\Vladislav Kennebury\Desktop\ICT290A1\ict290\shayLearyALL\CAMPUS TOUR\main.cpp(3607,27): warning C4305: 'argument': truncation from 'double' to 'GLfloat'
C:\Users\Vladislav Kennebury\Desktop\ICT290A1\ict290\shayLearyALL\CAMPUS TOUR\main.cpp(3608,48): warning C4305: 'argument': truncation from 'double' to 'GLfloat'
C:\Users\Vladislav Kennebury\Desktop\ICT290A1\ict290\shayLearyALL\CAMPUS TOUR\main.cpp(3609,27): warning C4305: 'argument': truncation from 'double' to 'GLfloat'
C:\Users\Vladislav Kennebury\Desktop\ICT290A1\ict290\shayLearyALL\CAMPUS TOUR\main.cpp(3610,41): warning C4305: 'argument': truncation from 'double' to 'GLfloat'
C:\Users\Vladislav Kennebury\Desktop\ICT290A1\ict290\shayLearyALL\CAMPUS TOUR\main.cpp(3618,28): warning C4305: 'argument': truncation from 'double' to 'GLfloat'
C:\Users\Vladislav Kennebury\Desktop\ICT290A1\ict290\shayLearyALL\CAMPUS TOUR\main.cpp(3619,67): warning C4305: 'argument': truncation from 'double' to 'GLfloat'
C:\Users\Vladislav Kennebury\Desktop\ICT290A1\ict290\shayLearyALL\CAMPUS TOUR\main.cpp(3620,29): warning C4305: 'argument': truncation from 'double' to 'GLfloat'
C:\Users\Vladislav Kennebury\Desktop\ICT290A1\ict290\shayLearyALL\CAMPUS TOUR\main.cpp(3621,67): warning C4305: 'argument': truncation from 'double' to 'GLfloat'
C:\Users\Vladislav Kennebury\Desktop\ICT290A1\ict290\shayLearyALL\CAMPUS TOUR\main.cpp(3622,29): warning C4305: 'argument': truncation from 'double' to 'GLfloat'
C:\Users\Vladislav Kennebury\Desktop\ICT290A1\ict290\shayLearyALL\CAMPUS TOUR\main.cpp(3633,27): warning C4305: 'argument': truncation from 'double' to 'GLfloat'
C:\Users\Vladislav Kennebury\Desktop\ICT290A1\ict290\shayLearyALL\CAMPUS TOUR\main.cpp(3635,27): warning C4305: 'argument': truncation from 'double' to 'GLfloat'
C:\Users\Vladislav Kennebury\Desktop\ICT290A1\ict290\shayLearyALL\CAMPUS TOUR\main.cpp(3646,27): warning C4305: 'argument': truncation from 'double' to 'GLfloat'
C:\Users\Vladislav Kennebury\Desktop\ICT290A1\ict290\shayLearyALL\CAMPUS TOUR\main.cpp(3648,27): warning C4305: 'argument': truncation from 'double' to 'GLfloat'
C:\Users\Vladislav Kennebury\Desktop\ICT290A1\ict290\shayLearyALL\CAMPUS TOUR\main.cpp(3692,23): warning C4244: 'argument': conversion from 'GLdouble' to 'GLfloat', possible loss of data
C:\Users\Vladislav Kennebury\Desktop\ICT290A1\ict290\shayLearyALL\CAMPUS TOUR\main.cpp(3692,18): warning C4244: 'argument': conversion from 'GLdouble' to 'GLfloat', possible loss of data
C:\Users\Vladislav Kennebury\Desktop\ICT290A1\ict290\shayLearyALL\CAMPUS TOUR\main.cpp(3692,15): warning C4244: 'argument': conversion from 'GLdouble' to 'GLfloat', possible loss of data
C:\Users\Vladislav Kennebury\Desktop\ICT290A1\ict290\shayLearyALL\CAMPUS TOUR\main.cpp(3694,21): warning C4244: 'argument': conversion from 'GLdouble' to 'GLfloat', possible loss of data
C:\Users\Vladislav Kennebury\Desktop\ICT290A1\ict290\shayLearyALL\CAMPUS TOUR\main.cpp(3694,18): warning C4244: 'argument': conversion from 'GLdouble' to 'GLfloat', possible loss of data
C:\Users\Vladislav Kennebury\Desktop\ICT290A1\ict290\shayLearyALL\CAMPUS TOUR\main.cpp(3694,15): warning C4244: 'argument': conversion from 'GLdouble' to 'GLfloat', possible loss of data
C:\Users\Vladislav Kennebury\Desktop\ICT290A1\ict290\shayLearyALL\CAMPUS TOUR\main.cpp(3695,17): warning C4244: 'argument': conversion from 'GLdouble' to 'GLfloat', possible loss of data
C:\Users\Vladislav Kennebury\Desktop\ICT290A1\ict290\shayLearyALL\CAMPUS TOUR\main.cpp(3696,34): warning C4244: 'argument': conversion from 'GLdouble' to 'GLfloat', possible loss of data
C:\Users\Vladislav Kennebury\Desktop\ICT290A1\ict290\shayLearyALL\CAMPUS TOUR\main.cpp(3696,35): warning C4305: 'argument': truncation from 'double' to 'GLfloat'
C:\Users\Vladislav Kennebury\Desktop\ICT290A1\ict290\shayLearyALL\CAMPUS TOUR\main.cpp(3697,17): warning C4244: 'argument': conversion from 'GLdouble' to 'GLfloat', possible loss of data
C:\Users\Vladislav Kennebury\Desktop\ICT290A1\ict290\shayLearyALL\CAMPUS TOUR\main.cpp(3698,36): warning C4244: 'argument': conversion from 'GLdouble' to 'GLfloat', possible loss of data
C:\Users\Vladislav Kennebury\Desktop\ICT290A1\ict290\shayLearyALL\CAMPUS TOUR\main.cpp(3698,42): warning C4305: 'argument': truncation from 'double' to 'GLfloat'
C:\Users\Vladislav Kennebury\Desktop\ICT290A1\ict290\shayLearyALL\CAMPUS TOUR\main.cpp(3704,21): warning C4244: 'argument': conversion from 'GLdouble' to 'GLfloat', possible loss of data
C:\Users\Vladislav Kennebury\Desktop\ICT290A1\ict290\shayLearyALL\CAMPUS TOUR\main.cpp(3704,18): warning C4244: 'argument': conversion from 'GLdouble' to 'GLfloat', possible loss of data
C:\Users\Vladislav Kennebury\Desktop\ICT290A1\ict290\shayLearyALL\CAMPUS TOUR\main.cpp(3704,15): warning C4244: 'argument': conversion from 'GLdouble' to 'GLfloat', possible loss of data
C:\Users\Vladislav Kennebury\Desktop\ICT290A1\ict290\shayLearyALL\CAMPUS TOUR\main.cpp(3706,28): warning C4244: 'argument': conversion from 'GLdouble' to 'GLfloat', possible loss of data
C:\Users\Vladislav Kennebury\Desktop\ICT290A1\ict290\shayLearyALL\CAMPUS TOUR\main.cpp(3706,20): warning C4244: 'argument': conversion from 'GLdouble' to 'GLfloat', possible loss of data
C:\Users\Vladislav Kennebury\Desktop\ICT290A1\ict290\shayLearyALL\CAMPUS TOUR\main.cpp(3706,15): warning C4244: 'argument': conversion from 'GLdouble' to 'GLfloat', possible loss of data
C:\Users\Vladislav Kennebury\Desktop\ICT290A1\ict290\shayLearyALL\CAMPUS TOUR\main.cpp(3707,17): warning C4244: 'argument': conversion from 'GLdouble' to 'GLfloat', possible loss of data
C:\Users\Vladislav Kennebury\Desktop\ICT290A1\ict290\shayLearyALL\CAMPUS TOUR\main.cpp(3708,41): warning C4244: 'argument': conversion from 'GLdouble' to 'GLfloat', possible loss of data
C:\Users\Vladislav Kennebury\Desktop\ICT290A1\ict290\shayLearyALL\CAMPUS TOUR\main.cpp(3708,42): warning C4305: 'argument': truncation from 'double' to 'GLfloat'
C:\Users\Vladislav Kennebury\Desktop\ICT290A1\ict290\shayLearyALL\CAMPUS TOUR\main.cpp(3709,17): warning C4244: 'argument': conversion from 'GLdouble' to 'GLfloat', possible loss of data
C:\Users\Vladislav Kennebury\Desktop\ICT290A1\ict290\shayLearyALL\CAMPUS TOUR\main.cpp(3710,34): warning C4244: 'argument': conversion from 'GLdouble' to 'GLfloat', possible loss of data
C:\Users\Vladislav Kennebury\Desktop\ICT290A1\ict290\shayLearyALL\CAMPUS TOUR\main.cpp(3710,35): warning C4305: 'argument': truncation from 'double' to 'GLfloat'
C:\Users\Vladislav Kennebury\Desktop\ICT290A1\ict290\shayLearyALL\CAMPUS TOUR\main.cpp(3720,21): warning C4244: 'argument': conversion from 'GLdouble' to 'GLfloat', possible loss of data
C:\Users\Vladislav Kennebury\Desktop\ICT290A1\ict290\shayLearyALL\CAMPUS TOUR\main.cpp(3720,18): warning C4244: 'argument': conversion from 'GLdouble' to 'GLfloat', possible loss of data
C:\Users\Vladislav Kennebury\Desktop\ICT290A1\ict290\shayLearyALL\CAMPUS TOUR\main.cpp(3720,15): warning C4244: 'argument': conversion from 'GLdouble' to 'GLfloat', possible loss of data
C:\Users\Vladislav Kennebury\Desktop\ICT290A1\ict290\shayLearyALL\CAMPUS TOUR\main.cpp(3722,28): warning C4244: 'argument': conversion from 'GLdouble' to 'GLfloat', possible loss of data
C:\Users\Vladislav Kennebury\Desktop\ICT290A1\ict290\shayLearyALL\CAMPUS TOUR\main.cpp(3722,25): warning C4244: 'argument': conversion from 'GLdouble' to 'GLfloat', possible loss of data
C:\Users\Vladislav Kennebury\Desktop\ICT290A1\ict290\shayLearyALL\CAMPUS TOUR\main.cpp(3722,17): warning C4244: 'argument': conversion from 'GLdouble' to 'GLfloat', possible loss of data
C:\Users\Vladislav Kennebury\Desktop\ICT290A1\ict290\shayLearyALL\CAMPUS TOUR\main.cpp(3723,22): warning C4244: 'argument': conversion from 'GLdouble' to 'GLfloat', possible loss of data
C:\Users\Vladislav Kennebury\Desktop\ICT290A1\ict290\shayLearyALL\CAMPUS TOUR\main.cpp(3724,17): warning C4244: 'argument': conversion from 'GLdouble' to 'GLfloat', possible loss of data
C:\Users\Vladislav Kennebury\Desktop\ICT290A1\ict290\shayLearyALL\CAMPUS TOUR\main.cpp(3725,22): warning C4244: 'argument': conversion from 'GLdouble' to 'GLfloat', possible loss of data
C:\Users\Vladislav Kennebury\Desktop\ICT290A1\ict290\shayLearyALL\CAMPUS TOUR\main.cpp(3726,15): warning C4244: 'argument': conversion from 'GLdouble' to 'GLfloat', possible loss of data
C:\Users\Vladislav Kennebury\Desktop\ICT290A1\ict290\shayLearyALL\CAMPUS TOUR\main.cpp(3732,21): warning C4244: 'argument': conversion from 'GLdouble' to 'GLfloat', possible loss of data
C:\Users\Vladislav Kennebury\Desktop\ICT290A1\ict290\shayLearyALL\CAMPUS TOUR\main.cpp(3732,18): warning C4244: 'argument': conversion from 'GLdouble' to 'GLfloat', possible loss of data
C:\Users\Vladislav Kennebury\Desktop\ICT290A1\ict290\shayLearyALL\CAMPUS TOUR\main.cpp(3732,15): warning C4244: 'argument': conversion from 'GLdouble' to 'GLfloat', possible loss of data
C:\Users\Vladislav Kennebury\Desktop\ICT290A1\ict290\shayLearyALL\CAMPUS TOUR\main.cpp(3734,28): warning C4244: 'argument': conversion from 'GLdouble' to 'GLfloat', possible loss of data
C:\Users\Vladislav Kennebury\Desktop\ICT290A1\ict290\shayLearyALL\CAMPUS TOUR\main.cpp(3734,20): warning C4244: 'argument': conversion from 'GLdouble' to 'GLfloat', possible loss of data
C:\Users\Vladislav Kennebury\Desktop\ICT290A1\ict290\shayLearyALL\CAMPUS TOUR\main.cpp(3734,15): warning C4244: 'argument': conversion from 'GLdouble' to 'GLfloat', possible loss of data
C:\Users\Vladislav Kennebury\Desktop\ICT290A1\ict290\shayLearyALL\CAMPUS TOUR\main.cpp(3735,22): warning C4244: 'argument': conversion from 'GLdouble' to 'GLfloat', possible loss of data
C:\Users\Vladislav Kennebury\Desktop\ICT290A1\ict290\shayLearyALL\CAMPUS TOUR\main.cpp(3736,15): warning C4244: 'argument': conversion from 'GLdouble' to 'GLfloat', possible loss of data
C:\Users\Vladislav Kennebury\Desktop\ICT290A1\ict290\shayLearyALL\CAMPUS TOUR\main.cpp(3737,22): warning C4244: 'argument': conversion from 'GLdouble' to 'GLfloat', possible loss of data
C:\Users\Vladislav Kennebury\Desktop\ICT290A1\ict290\shayLearyALL\CAMPUS TOUR\main.cpp(3738,15): warning C4244: 'argument': conversion from 'GLdouble' to 'GLfloat', possible loss of data
C:\Users\Vladislav Kennebury\Desktop\ICT290A1\ict290\shayLearyALL\CAMPUS TOUR\main.cpp(3768,22): warning C4244: 'argument': conversion from 'GLdouble' to 'GLfloat', possible loss of data
C:\Users\Vladislav Kennebury\Desktop\ICT290A1\ict290\shayLearyALL\CAMPUS TOUR\main.cpp(3768,16): warning C4244: 'argument': conversion from 'GLdouble' to 'GLfloat', possible loss of data
C:\Users\Vladislav Kennebury\Desktop\ICT290A1\ict290\shayLearyALL\CAMPUS TOUR\main.cpp(3772,22): warning C4244: 'argument': conversion from 'GLdouble' to 'GLfloat', possible loss of data
C:\Users\Vladislav Kennebury\Desktop\ICT290A1\ict290\shayLearyALL\CAMPUS TOUR\main.cpp(3772,16): warning C4244: 'argument': conversion from 'GLdouble' to 'GLfloat', possible loss of data
C:\Users\Vladislav Kennebury\Desktop\ICT290A1\ict290\shayLearyALL\CAMPUS TOUR\main.cpp(3907,27): warning C4244: 'argument': conversion from 'GLdouble' to 'GLfloat', possible loss of data
C:\Users\Vladislav Kennebury\Desktop\ICT290A1\ict290\shayLearyALL\CAMPUS TOUR\main.cpp(3934,29): warning C4244: 'argument': conversion from 'GLdouble' to 'GLfloat', possible loss of data
C:\Users\Vladislav Kennebury\Desktop\ICT290A1\ict290\shayLearyALL\CAMPUS TOUR\main.cpp(3948,19): warning C4244: 'argument': conversion from 'GLdouble' to 'GLfloat', possible loss of data
C:\Users\Vladislav Kennebury\Desktop\ICT290A1\ict290\shayLearyALL\CAMPUS TOUR\main.cpp(3976,29): warning C4244: 'argument': conversion from 'GLdouble' to 'GLfloat', possible loss of data
C:\Users\Vladislav Kennebury\Desktop\ICT290A1\ict290\shayLearyALL\CAMPUS TOUR\main.cpp(3976,17): warning C4244: 'argument': conversion from 'GLdouble' to 'GLfloat', possible loss of data
C:\Users\Vladislav Kennebury\Desktop\ICT290A1\ict290\shayLearyALL\CAMPUS TOUR\main.cpp(4003,19): warning C4244: 'argument': conversion from 'GLdouble' to 'GLfloat', possible loss of data
C:\Users\Vladislav Kennebury\Desktop\ICT290A1\ict290\shayLearyALL\CAMPUS TOUR\main.cpp(4017,29): warning C4244: 'argument': conversion from 'GLdouble' to 'GLfloat', possible loss of data
C:\Users\Vladislav Kennebury\Desktop\ICT290A1\ict290\shayLearyALL\CAMPUS TOUR\main.cpp(4176,32): warning C4305: 'argument': truncation from 'double' to 'GLfloat'
C:\Users\Vladislav Kennebury\Desktop\ICT290A1\ict290\shayLearyALL\CAMPUS TOUR\main.cpp(4210,27): warning C4244: 'argument': conversion from 'GLdouble' to 'GLfloat', possible loss of data
C:\Users\Vladislav Kennebury\Desktop\ICT290A1\ict290\shayLearyALL\CAMPUS TOUR\main.cpp(4241,17): warning C4244: 'argument': conversion from 'GLdouble' to 'GLfloat', possible loss of data
C:\Users\Vladislav Kennebury\Desktop\ICT290A1\ict290\shayLearyALL\CAMPUS TOUR\main.cpp(4284,33): warning C4305: 'argument': truncation from 'double' to 'GLfloat'
C:\Users\Vladislav Kennebury\Desktop\ICT290A1\ict290\shayLearyALL\CAMPUS TOUR\main.cpp(4289,33): warning C4305: 'argument': truncation from 'double' to 'GLfloat'
C:\Users\Vladislav Kennebury\Desktop\ICT290A1\ict290\shayLearyALL\CAMPUS TOUR\main.cpp(4420,27): warning C4305: 'argument': truncation from 'double' to 'GLfloat'
C:\Users\Vladislav Kennebury\Desktop\ICT290A1\ict290\shayLearyALL\CAMPUS TOUR\main.cpp(4422,28): warning C4305: 'argument': truncation from 'double' to 'GLfloat'
C:\Users\Vladislav Kennebury\Desktop\ICT290A1\ict290\shayLearyALL\CAMPUS TOUR\main.cpp(4423,41): warning C4305: 'argument': truncation from 'double' to 'GLfloat'
C:\Users\Vladislav Kennebury\Desktop\ICT290A1\ict290\shayLearyALL\CAMPUS TOUR\main.cpp(4424,28): warning C4305: 'argument': truncation from 'double' to 'GLfloat'
C:\Users\Vladislav Kennebury\Desktop\ICT290A1\ict290\shayLearyALL\CAMPUS TOUR\main.cpp(4425,41): warning C4305: 'argument': truncation from 'double' to 'GLfloat'
C:\Users\Vladislav Kennebury\Desktop\ICT290A1\ict290\shayLearyALL\CAMPUS TOUR\main.cpp(4432,27): warning C4305: 'argument': truncation from 'double' to 'GLfloat'
C:\Users\Vladislav Kennebury\Desktop\ICT290A1\ict290\shayLearyALL\CAMPUS TOUR\main.cpp(4434,28): warning C4305: 'argument': truncation from 'double' to 'GLfloat'
C:\Users\Vladislav Kennebury\Desktop\ICT290A1\ict290\shayLearyALL\CAMPUS TOUR\main.cpp(4435,41): warning C4305: 'argument': truncation from 'double' to 'GLfloat'
C:\Users\Vladislav Kennebury\Desktop\ICT290A1\ict290\shayLearyALL\CAMPUS TOUR\main.cpp(4436,26): warning C4305: 'argument': truncation from 'double' to 'GLfloat'
C:\Users\Vladislav Kennebury\Desktop\ICT290A1\ict290\shayLearyALL\CAMPUS TOUR\main.cpp(4437,41): warning C4305: 'argument': truncation from 'double' to 'GLfloat'
C:\Users\Vladislav Kennebury\Desktop\ICT290A1\ict290\shayLearyALL\CAMPUS TOUR\main.cpp(4444,27): warning C4305: 'argument': truncation from 'double' to 'GLfloat'
C:\Users\Vladislav Kennebury\Desktop\ICT290A1\ict290\shayLearyALL\CAMPUS TOUR\main.cpp(4446,28): warning C4305: 'argument': truncation from 'double' to 'GLfloat'
C:\Users\Vladislav Kennebury\Desktop\ICT290A1\ict290\shayLearyALL\CAMPUS TOUR\main.cpp(4447,41): warning C4305: 'argument': truncation from 'double' to 'GLfloat'
C:\Users\Vladislav Kennebury\Desktop\ICT290A1\ict290\shayLearyALL\CAMPUS TOUR\main.cpp(4448,26): warning C4305: 'argument': truncation from 'double' to 'GLfloat'
C:\Users\Vladislav Kennebury\Desktop\ICT290A1\ict290\shayLearyALL\CAMPUS TOUR\main.cpp(4449,41): warning C4305: 'argument': truncation from 'double' to 'GLfloat'
C:\Users\Vladislav Kennebury\Desktop\ICT290A1\ict290\shayLearyALL\CAMPUS TOUR\main.cpp(4456,27): warning C4305: 'argument': truncation from 'double' to 'GLfloat'
C:\Users\Vladislav Kennebury\Desktop\ICT290A1\ict290\shayLearyALL\CAMPUS TOUR\main.cpp(4458,29): warning C4305: 'argument': truncation from 'double' to 'GLfloat'
C:\Users\Vladislav Kennebury\Desktop\ICT290A1\ict290\shayLearyALL\CAMPUS TOUR\main.cpp(4459,41): warning C4305: 'argument': truncation from 'double' to 'GLfloat'
C:\Users\Vladislav Kennebury\Desktop\ICT290A1\ict290\shayLearyALL\CAMPUS TOUR\main.cpp(4460,29): warning C4305: 'argument': truncation from 'double' to 'GLfloat'
C:\Users\Vladislav Kennebury\Desktop\ICT290A1\ict290\shayLearyALL\CAMPUS TOUR\main.cpp(4461,41): warning C4305: 'argument': truncation from 'double' to 'GLfloat'
C:\Users\Vladislav Kennebury\Desktop\ICT290A1\ict290\shayLearyALL\CAMPUS TOUR\main.cpp(4470,27): warning C4305: 'argument': truncation from 'double' to 'GLfloat'
C:\Users\Vladislav Kennebury\Desktop\ICT290A1\ict290\shayLearyALL\CAMPUS TOUR\main.cpp(4471,41): warning C4305: 'argument': truncation from 'double' to 'GLfloat'
C:\Users\Vladislav Kennebury\Desktop\ICT290A1\ict290\shayLearyALL\CAMPUS TOUR\main.cpp(4472,27): warning C4305: 'argument': truncation from 'double' to 'GLfloat'
C:\Users\Vladislav Kennebury\Desktop\ICT290A1\ict290\shayLearyALL\CAMPUS TOUR\main.cpp(4473,41): warning C4305: 'argument': truncation from 'double' to 'GLfloat'
C:\Users\Vladislav Kennebury\Desktop\ICT290A1\ict290\shayLearyALL\CAMPUS TOUR\main.cpp(4505,27): warning C4244: 'argument': conversion from 'GLdouble' to 'GLfloat', possible loss of data
C:\Users\Vladislav Kennebury\Desktop\ICT290A1\ict290\shayLearyALL\CAMPUS TOUR\main.cpp(4516,27): warning C4244: 'argument': conversion from 'GLdouble' to 'GLfloat', possible loss of data
C:\Users\Vladislav Kennebury\Desktop\ICT290A1\ict290\shayLearyALL\CAMPUS TOUR\main.cpp(4528,27): warning C4244: 'argument': conversion from 'GLdouble' to 'GLfloat', possible loss of data
C:\Users\Vladislav Kennebury\Desktop\ICT290A1\ict290\shayLearyALL\CAMPUS TOUR\main.cpp(4562,30): warning C4244: 'argument': conversion from 'GLdouble' to 'GLfloat', possible loss of data
C:\Users\Vladislav Kennebury\Desktop\ICT290A1\ict290\shayLearyALL\CAMPUS TOUR\main.cpp(4573,30): warning C4244: 'argument': conversion from 'GLdouble' to 'GLfloat', possible loss of data
C:\Users\Vladislav Kennebury\Desktop\ICT290A1\ict290\shayLearyALL\CAMPUS TOUR\main.cpp(4585,27): warning C4244: 'argument': conversion from 'GLdouble' to 'GLfloat', possible loss of data
C:\Users\Vladislav Kennebury\Desktop\ICT290A1\ict290\shayLearyALL\CAMPUS TOUR\main.cpp(4595,27): warning C4244: 'argument': conversion from 'GLdouble' to 'GLfloat', possible loss of data
C:\Users\Vladislav Kennebury\Desktop\ICT290A1\ict290\shayLearyALL\CAMPUS TOUR\main.cpp(4608,27): warning C4244: 'argument': conversion from 'GLdouble' to 'GLfloat', possible loss of data
C:\Users\Vladislav Kennebury\Desktop\ICT290A1\ict290\shayLearyALL\CAMPUS TOUR\main.cpp(4692,17): warning C4244: 'argument': conversion from 'GLdouble' to 'GLfloat', possible loss of data
C:\Users\Vladislav Kennebury\Desktop\ICT290A1\ict290\shayLearyALL\CAMPUS TOUR\main.cpp(4703,17): warning C4244: 'argument': conversion from 'GLdouble' to 'GLfloat', possible loss of data
C:\Users\Vladislav Kennebury\Desktop\ICT290A1\ict290\shayLearyALL\CAMPUS TOUR\main.cpp(4714,17): warning C4244: 'argument': conversion from 'GLdouble' to 'GLfloat', possible loss of data
C:\Users\Vladislav Kennebury\Desktop\ICT290A1\ict290\shayLearyALL\CAMPUS TOUR\main.cpp(4726,17): warning C4244: 'argument': conversion from 'GLdouble' to 'GLfloat', possible loss of data
C:\Users\Vladislav Kennebury\Desktop\ICT290A1\ict290\shayLearyALL\CAMPUS TOUR\main.cpp(4744,17): warning C4244: 'argument': conversion from 'GLdouble' to 'GLfloat', possible loss of data
C:\Users\Vladislav Kennebury\Desktop\ICT290A1\ict290\shayLearyALL\CAMPUS TOUR\main.cpp(4972,43): warning C4244: 'argument': conversion from 'double' to 'GLfloat', possible loss of data
C:\Users\Vladislav Kennebury\Desktop\ICT290A1\ict290\shayLearyALL\CAMPUS TOUR\main.cpp(4979,43): warning C4244: 'argument': conversion from 'double' to 'GLfloat', possible loss of data
C:\Users\Vladislav Kennebury\Desktop\ICT290A1\ict290\shayLearyALL\CAMPUS TOUR\main.cpp(4986,43): warning C4244: 'argument': conversion from 'double' to 'GLfloat', possible loss of data
C:\Users\Vladislav Kennebury\Desktop\ICT290A1\ict290\shayLearyALL\CAMPUS TOUR\main.cpp(5005,34): warning C4244: 'argument': conversion from 'double' to 'GLfloat', possible loss of data
C:\Users\Vladislav Kennebury\Desktop\ICT290A1\ict290\shayLearyALL\CAMPUS TOUR\main.cpp(5005,19): warning C4244: 'argument': conversion from 'GLdouble' to 'GLfloat', possible loss of data
C:\Users\Vladislav Kennebury\Desktop\ICT290A1\ict290\shayLearyALL\CAMPUS TOUR\main.cpp(5009,36): warning C4244: 'argument': conversion from 'double' to 'GLfloat', possible loss of data
C:\Users\Vladislav Kennebury\Desktop\ICT290A1\ict290\shayLearyALL\CAMPUS TOUR\main.cpp(5009,19): warning C4244: 'argument': conversion from 'GLdouble' to 'GLfloat', possible loss of data
C:\Users\Vladislav Kennebury\Desktop\ICT290A1\ict290\shayLearyALL\CAMPUS TOUR\main.cpp(5025,42): warning C4244: 'argument': conversion from 'double' to 'GLfloat', possible loss of data
C:\Users\Vladislav Kennebury\Desktop\ICT290A1\ict290\shayLearyALL\CAMPUS TOUR\main.cpp(5025,19): warning C4244: 'argument': conversion from 'GLdouble' to 'GLfloat', possible loss of data
C:\Users\Vladislav Kennebury\Desktop\ICT290A1\ict290\shayLearyALL\CAMPUS TOUR\main.cpp(5029,44): warning C4244: 'argument': conversion from 'double' to 'GLfloat', possible loss of data
C:\Users\Vladislav Kennebury\Desktop\ICT290A1\ict290\shayLearyALL\CAMPUS TOUR\main.cpp(5029,19): warning C4244: 'argument': conversion from 'GLdouble' to 'GLfloat', possible loss of data
C:\Users\Vladislav Kennebury\Desktop\ICT290A1\ict290\shayLearyALL\CAMPUS TOUR\main.cpp(5136,17): warning C4244: 'argument': conversion from 'GLdouble' to 'GLfloat', possible loss of data
C:\Users\Vladislav Kennebury\Desktop\ICT290A1\ict290\shayLearyALL\CAMPUS TOUR\main.cpp(5145,41): warning C4305: 'argument': truncation from 'double' to 'GLfloat'
C:\Users\Vladislav Kennebury\Desktop\ICT290A1\ict290\shayLearyALL\CAMPUS TOUR\main.cpp(5152,41): warning C4305: 'argument': truncation from 'double' to 'GLfloat'
C:\Users\Vladislav Kennebury\Desktop\ICT290A1\ict290\shayLearyALL\CAMPUS TOUR\main.cpp(5159,41): warning C4305: 'argument': truncation from 'double' to 'GLfloat'
C:\Users\Vladislav Kennebury\Desktop\ICT290A1\ict290\shayLearyALL\CAMPUS TOUR\main.cpp(5165,41): warning C4305: 'argument': truncation from 'double' to 'GLfloat'
C:\Users\Vladislav Kennebury\Desktop\ICT290A1\ict290\shayLearyALL\CAMPUS TOUR\main.cpp(5166,41): warning C4305: 'argument': truncation from 'double' to 'GLfloat'
C:\Users\Vladislav Kennebury\Desktop\ICT290A1\ict290\shayLearyALL\CAMPUS TOUR\main.cpp(5167,44): warning C4305: 'argument': truncation from 'double' to 'GLfloat'
C:\Users\Vladislav Kennebury\Desktop\ICT290A1\ict290\shayLearyALL\CAMPUS TOUR\main.cpp(5178,39): warning C4305: 'argument': truncation from 'double' to 'GLfloat'
C:\Users\Vladislav Kennebury\Desktop\ICT290A1\ict290\shayLearyALL\CAMPUS TOUR\main.cpp(5185,39): warning C4305: 'argument': truncation from 'double' to 'GLfloat'
C:\Users\Vladislav Kennebury\Desktop\ICT290A1\ict290\shayLearyALL\CAMPUS TOUR\main.cpp(5192,39): warning C4305: 'argument': truncation from 'double' to 'GLfloat'
C:\Users\Vladislav Kennebury\Desktop\ICT290A1\ict290\shayLearyALL\CAMPUS TOUR\main.cpp(5198,39): warning C4305: 'argument': truncation from 'double' to 'GLfloat'
C:\Users\Vladislav Kennebury\Desktop\ICT290A1\ict290\shayLearyALL\CAMPUS TOUR\main.cpp(5199,39): warning C4305: 'argument': truncation from 'double' to 'GLfloat'
C:\Users\Vladislav Kennebury\Desktop\ICT290A1\ict290\shayLearyALL\CAMPUS TOUR\main.cpp(5200,42): warning C4305: 'argument': truncation from 'double' to 'GLfloat'
C:\Users\Vladislav Kennebury\Desktop\ICT290A1\ict290\shayLearyALL\CAMPUS TOUR\main.cpp(5212,29): warning C4244: 'argument': conversion from 'double' to 'const int', possible loss of data
C:\Users\Vladislav Kennebury\Desktop\ICT290A1\ict290\shayLearyALL\CAMPUS TOUR\main.cpp(5213,29): warning C4244: 'argument': conversion from 'double' to 'const int', possible loss of data
C:\Users\Vladislav Kennebury\Desktop\ICT290A1\ict290\shayLearyALL\CAMPUS TOUR\main.cpp(5215,29): warning C4244: 'argument': conversion from 'double' to 'const int', possible loss of data
C:\Users\Vladislav Kennebury\Desktop\ICT290A1\ict290\shayLearyALL\CAMPUS TOUR\main.cpp(5216,29): warning C4244: 'argument': conversion from 'double' to 'const int', possible loss of data
C:\Users\Vladislav Kennebury\Desktop\ICT290A1\ict290\shayLearyALL\CAMPUS TOUR\main.cpp(5218,29): warning C4244: 'argument': conversion from 'double' to 'const int', possible loss of data
C:\Users\Vladislav Kennebury\Desktop\ICT290A1\ict290\shayLearyALL\CAMPUS TOUR\main.cpp(5219,29): warning C4244: 'argument': conversion from 'double' to 'const int', possible loss of data
C:\Users\Vladislav Kennebury\Desktop\ICT290A1\ict290\shayLearyALL\CAMPUS TOUR\main.cpp(5221,29): warning C4244: 'argument': conversion from 'double' to 'const int', possible loss of data
C:\Users\Vladislav Kennebury\Desktop\ICT290A1\ict290\shayLearyALL\CAMPUS TOUR\main.cpp(5222,29): warning C4244: 'argument': conversion from 'double' to 'const int', possible loss of data
C:\Users\Vladislav Kennebury\Desktop\ICT290A1\ict290\shayLearyALL\CAMPUS TOUR\main.cpp(5224,29): warning C4244: 'argument': conversion from 'double' to 'const int', possible loss of data
C:\Users\Vladislav Kennebury\Desktop\ICT290A1\ict290\shayLearyALL\CAMPUS TOUR\main.cpp(5225,29): warning C4244: 'argument': conversion from 'double' to 'const int', possible loss of data
C:\Users\Vladislav Kennebury\Desktop\ICT290A1\ict290\shayLearyALL\CAMPUS TOUR\main.cpp(5230,28): warning C4244: 'argument': conversion from 'double' to 'const int', possible loss of data
C:\Users\Vladislav Kennebury\Desktop\ICT290A1\ict290\shayLearyALL\CAMPUS TOUR\main.cpp(5235,28): warning C4244: 'argument': conversion from 'double' to 'const int', possible loss of data
C:\Users\Vladislav Kennebury\Desktop\ICT290A1\ict290\shayLearyALL\CAMPUS TOUR\main.cpp(5240,28): warning C4244: 'argument': conversion from 'double' to 'const int', possible loss of data
C:\Users\Vladislav Kennebury\Desktop\ICT290A1\ict290\shayLearyALL\CAMPUS TOUR\main.cpp(5246,28): warning C4244: 'argument': conversion from 'double' to 'const int', possible loss of data
C:\Users\Vladislav Kennebury\Desktop\ICT290A1\ict290\shayLearyALL\CAMPUS TOUR\main.cpp(5248,29): warning C4244: 'argument': conversion from 'double' to 'const int', possible loss of data
C:\Users\Vladislav Kennebury\Desktop\ICT290A1\ict290\shayLearyALL\CAMPUS TOUR\main.cpp(5249,29): warning C4244: 'argument': conversion from 'double' to 'const int', possible loss of data
C:\Users\Vladislav Kennebury\Desktop\ICT290A1\ict290\shayLearyALL\CAMPUS TOUR\main.cpp(5250,29): warning C4244: 'argument': conversion from 'double' to 'const int', possible loss of data
C:\Users\Vladislav Kennebury\Desktop\ICT290A1\ict290\shayLearyALL\CAMPUS TOUR\main.cpp(5251,29): warning C4244: 'argument': conversion from 'double' to 'const int', possible loss of data
C:\Users\Vladislav Kennebury\Desktop\ICT290A1\ict290\shayLearyALL\CAMPUS TOUR\main.cpp(5252,29): warning C4244: 'argument': conversion from 'double' to 'const int', possible loss of data
C:\Users\Vladislav Kennebury\Desktop\ICT290A1\ict290\shayLearyALL\CAMPUS TOUR\main.cpp(5253,28): warning C4244: 'argument': conversion from 'double' to 'const int', possible loss of data
C:\Users\Vladislav Kennebury\Desktop\ICT290A1\ict290\shayLearyALL\CAMPUS TOUR\main.cpp(5254,28): warning C4244: 'argument': conversion from 'double' to 'const int', possible loss of data
C:\Users\Vladislav Kennebury\Desktop\ICT290A1\ict290\shayLearyALL\CAMPUS TOUR\main.cpp(5255,28): warning C4244: 'argument': conversion from 'double' to 'const int', possible loss of data
C:\Users\Vladislav Kennebury\Desktop\ICT290A1\ict290\shayLearyALL\CAMPUS TOUR\main.cpp(5256,28): warning C4244: 'argument': conversion from 'double' to 'const int', possible loss of data
C:\Users\Vladislav Kennebury\Desktop\ICT290A1\ict290\shayLearyALL\CAMPUS TOUR\main.cpp(5257,29): warning C4244: 'argument': conversion from 'double' to 'const int', possible loss of data
C:\Users\Vladislav Kennebury\Desktop\ICT290A1\ict290\shayLearyALL\CAMPUS TOUR\main.cpp(5258,29): warning C4244: 'argument': conversion from 'double' to 'const int', possible loss of data
  Generating Code...
  AABB.obj : /DEBUG:FASTLINK is not supported when managed code is present; restarting link with /DEBUG:FULL
  AABB.obj : MSIL module encountered; incremental linking is disabled for MSIL; performing full link
Debug\.NETFramework,Version=v4.0.AssemblyAttributes.obj : warning LNK4042: object specified more than once; extras ignored
main.obj : warning LNK4248: unresolved typeref token (0100001B) for 'GLUquadric'; image may not run
  shaysWorld.vcxproj -> C:\Users\Vladislav Kennebury\Desktop\ICT290A1\ict290\shayLearyALL\CAMPUS TOUR\Debug\shaysWorld.exe
